Copyright 1986-2021 Xilinx, Inc. All Rights Reserved.
------------------------------------------------------------------------------------
| Tool Version : Vivado v.2021.1 (lin64) Build 3247384 Thu Jun 10 19:36:07 MDT 2021
| Date         : Mon Jul  8 16:04:20 2024
| Host         : Griffon running 64-bit Ubuntu 22.04.4 LTS
| Command      : upgrade_ip
| Device       : xc7z020clg484-1
------------------------------------------------------------------------------------

Upgrade Log for IP 'system_pow_0_0'

1. Summary
----------

CAUTION (success, with warnings) in the upgrade of system_pow_0_0 (user.org:user:pow:1.0) from (Rev. 3) to (Rev. 4)

After upgrade, an IP may have parameter and port differences compared to the original customization. Please review the parameters within the IP customization GUI to ensure proper functionality. Also, please review the updated IP instantiation template to ensure proper connectivity, and update your design if required.

2. Connection Warnings
----------------------

Detected external port differences while upgrading 'system_pow_0_0'. These changes may impact your design.


-Upgrade has added port 'i_shift'







Copyright 1986-2021 Xilinx, Inc. All Rights Reserved.
------------------------------------------------------------------------------------
| Tool Version : Vivado v.2021.1 (lin64) Build 3247384 Thu Jun 10 19:36:07 MDT 2021
| Date         : Mon Jul  8 15:51:47 2024
| Host         : Griffon running 64-bit Ubuntu 22.04.4 LTS
| Command      : upgrade_ip
| Device       : xc7z020clg484-1
------------------------------------------------------------------------------------

Upgrade Log for IP 'system_reg_map_fw_0_0'

1. Summary
----------

SUCCESS in the upgrade of system_reg_map_fw_0_0 (user.org:user:reg_map_fw:1.0) from (Rev. 12) to (Rev. 15)






Copyright 1986-2021 Xilinx, Inc. All Rights Reserved.
------------------------------------------------------------------------------------
| Tool Version : Vivado v.2021.1 (lin64) Build 3247384 Thu Jun 10 19:36:07 MDT 2021
| Date         : Fri Jul  5 14:28:00 2024
| Host         : Griffon running 64-bit Ubuntu 22.04.4 LTS
| Command      : upgrade_ip
| Device       : xc7z020clg484-1
------------------------------------------------------------------------------------

Upgrade Log for IP 'system_procedural_0_3'

1. Summary
----------

CAUTION (success, with warnings) in the upgrade of system_procedural_0_3 (user.org:user:procedural:1.0) from (Rev. 4) to (Rev. 7)

After upgrade, an IP may have parameter and port differences compared to the original customization. Please review the parameters within the IP customization GUI to ensure proper functionality. Also, please review the updated IP instantiation template to ensure proper connectivity, and update your design if required.

2. Connection Warnings
----------------------

Detected external port differences while upgrading 'system_procedural_0_3'. These changes may impact your design.


-Upgraded port 's_axil_wstrb' width 8 differs from original width 64







Copyright 1986-2021 Xilinx, Inc. All Rights Reserved.
------------------------------------------------------------------------------------
| Tool Version : Vivado v.2021.1 (lin64) Build 3247384 Thu Jun 10 19:36:07 MDT 2021
| Date         : Fri Jul  5 12:35:52 2024
| Host         : Griffon running 64-bit Ubuntu 22.04.4 LTS
| Command      : upgrade_ip
| Device       : xc7z020clg484-1
------------------------------------------------------------------------------------

Upgrade Log for IP 'system_fw_reg_map_0_0'

1. Summary
----------

SUCCESS in the upgrade of system_fw_reg_map_0_0 (user.org:user:fw_reg_map:1.0) from (Rev. 3) to (Rev. 4)






Copyright 1986-2021 Xilinx, Inc. All Rights Reserved.
------------------------------------------------------------------------------------
| Tool Version : Vivado v.2021.1 (lin64) Build 3247384 Thu Jun 10 19:36:07 MDT 2021
| Date         : Fri Jul  5 12:35:52 2024
| Host         : Griffon running 64-bit Ubuntu 22.04.4 LTS
| Command      : upgrade_ip
| Device       : xc7z020clg484-1
------------------------------------------------------------------------------------

Upgrade Log for IP 'system_axil_fw_0_0'

1. Summary
----------

SUCCESS in the upgrade of system_axil_fw_0_0 (user.org:user:axil_fw:1.0) from (Rev. 9) to (Rev. 10)






Copyright 1986-2021 Xilinx, Inc. All Rights Reserved.
------------------------------------------------------------------------------------
| Tool Version : Vivado v.2021.1 (lin64) Build 3247384 Thu Jun 10 19:36:07 MDT 2021
| Date         : Thu Jul  4 17:37:55 2024
| Host         : Griffon running 64-bit Ubuntu 22.04.4 LTS
| Command      : upgrade_ip
| Device       : xc7z020clg484-1
------------------------------------------------------------------------------------

Upgrade Log for IP 'system_axil_fw_0_0'

1. Summary
----------

SUCCESS in the upgrade of system_axil_fw_0_0 (user.org:user:axil_fw:1.0) from (Rev. 7) to (Rev. 9)






Copyright 1986-2021 Xilinx, Inc. All Rights Reserved.
------------------------------------------------------------------------------------
| Tool Version : Vivado v.2021.1 (lin64) Build 3247384 Thu Jun 10 19:36:07 MDT 2021
| Date         : Thu Jul  4 17:36:51 2024
| Host         : Griffon running 64-bit Ubuntu 22.04.4 LTS
| Command      : upgrade_ip
| Device       : xc7z020clg484-1
------------------------------------------------------------------------------------

Upgrade Log for IP 'system_axil_fw_0_0'

1. Summary
----------

SUCCESS in the conversion of system_axil_fw_0_0 (user.org:user:axil_fw:1.0 (Rev. 7)) to Vivado generation flows.






Copyright 1986-2021 Xilinx, Inc. All Rights Reserved.
------------------------------------------------------------------------------------
| Tool Version : Vivado v.2021.1 (lin64) Build 3247384 Thu Jun 10 19:36:07 MDT 2021
| Date         : Thu Jul  4 17:36:39 2024
| Host         : Griffon running 64-bit Ubuntu 22.04.4 LTS
| Command      : upgrade_ip
| Device       : xc7z020clg484-1
------------------------------------------------------------------------------------

Upgrade Log for IP 'system_axil_fw_0_0'

1. Summary
----------

SUCCESS in the upgrade of system_axil_fw_0_0 (user.org:user:axil_fw:1.0) from (Rev. 2) to (Rev. 7)






Copyright 1986-2021 Xilinx, Inc. All Rights Reserved.
------------------------------------------------------------------------------------
| Tool Version : Vivado v.2021.1 (lin64) Build 3247384 Thu Jun 10 19:36:07 MDT 2021
| Date         : Thu Jul  4 11:11:05 2024
| Host         : Griffon running 64-bit Ubuntu 22.04.4 LTS
| Command      : upgrade_ip
| Device       : xc7z020clg484-1
------------------------------------------------------------------------------------

Upgrade Log for IP 'system_procedural_0_3'

1. Summary
----------

CAUTION (success, with warnings) in the upgrade of system_procedural_0_3 (user.org:user:procedural:1.0) from (Rev. 3) to (Rev. 4)

After upgrade, an IP may have parameter and port differences compared to the original customization. Please review the parameters within the IP customization GUI to ensure proper functionality. Also, please review the updated IP instantiation template to ensure proper connectivity, and update your design if required.

2. Connection Warnings
----------------------

Detected external port differences while upgrading 'system_procedural_0_3'. These changes may impact your design.


-Upgraded port 's_axil_wstrb' width 64 differs from original width 8







Copyright 1986-2021 Xilinx, Inc. All Rights Reserved.
------------------------------------------------------------------------------------
| Tool Version : Vivado v.2021.1 (lin64) Build 3247384 Thu Jun 10 19:36:07 MDT 2021
| Date         : Thu Jul  4 11:11:05 2024
| Host         : Griffon running 64-bit Ubuntu 22.04.4 LTS
| Command      : upgrade_ip
| Device       : xc7z020clg484-1
------------------------------------------------------------------------------------

Upgrade Log for IP 'procedural_0'

1. Summary
----------

CAUTION (success, with warnings) in the upgrade of procedural_0 (user.org:user:procedural:1.0) from (Rev. 3) to (Rev. 4)

After upgrade, an IP may have parameter and port differences compared to the original customization. Please review the parameters within the IP customization GUI to ensure proper functionality. Also, please review the updated IP instantiation template to ensure proper connectivity, and update your design if required.

2. Connection Warnings
----------------------

Detected external port differences while upgrading 'procedural_0'. These changes may impact your design.


-Upgraded port 's_axil_wstrb' width 64 differs from original width 8







Copyright 1986-2021 Xilinx, Inc. All Rights Reserved.
------------------------------------------------------------------------------------
| Tool Version : Vivado v.2021.1 (lin64) Build 3247384 Thu Jun 10 19:36:07 MDT 2021
| Date         : Thu Jul  4 10:21:18 2024
| Host         : Griffon running 64-bit Ubuntu 22.04.4 LTS
| Command      : upgrade_ip
| Device       : xc7z020clg484-1
------------------------------------------------------------------------------------

Upgrade Log for IP 'system_FFT_Top_0_1'

1. Summary
----------

SUCCESS in the upgrade of system_FFT_Top_0_1 (user.org:user:FFT_Top:1.0) from (Rev. 2) to (Rev. 3)






Copyright 1986-2021 Xilinx, Inc. All Rights Reserved.
------------------------------------------------------------------------------------
| Tool Version : Vivado v.2021.1 (lin64) Build 3247384 Thu Jun 10 19:36:07 MDT 2021
| Date         : Wed Jul  3 18:58:35 2024
| Host         : Griffon running 64-bit Ubuntu 22.04.4 LTS
| Command      : upgrade_ip
| Device       : xc7z020clg484-1
------------------------------------------------------------------------------------

Upgrade Log for IP 'system_pow_0_0'

1. Summary
----------

SUCCESS in the upgrade of system_pow_0_0 (user.org:user:pow:1.0) from (Rev. 2) to (Rev. 3)






Copyright 1986-2021 Xilinx, Inc. All Rights Reserved.
------------------------------------------------------------------------------------
| Tool Version : Vivado v.2021.1 (lin64) Build 3247384 Thu Jun 10 19:36:07 MDT 2021
| Date         : Wed Jul  3 18:21:48 2024
| Host         : Griffon running 64-bit Ubuntu 22.04.4 LTS
| Command      : upgrade_ip
| Device       : xc7z020clg484-1
------------------------------------------------------------------------------------

Upgrade Log for IP 'system_procedural_0_3'

1. Summary
----------

CAUTION (success, with warnings) in the upgrade of system_procedural_0_3 (user.org:user:procedural:1.0) from (Rev. 2) to (Rev. 3)

After upgrade, an IP may have parameter and port differences compared to the original customization. Please review the parameters within the IP customization GUI to ensure proper functionality. Also, please review the updated IP instantiation template to ensure proper connectivity, and update your design if required.

2. Connection Warnings
----------------------

Detected external port differences while upgrading 'system_procedural_0_3'. These changes may impact your design.


-Upgraded port 's_axil_wstrb' width 8 differs from original width 64







Copyright 1986-2021 Xilinx, Inc. All Rights Reserved.
------------------------------------------------------------------------------------
| Tool Version : Vivado v.2021.1 (lin64) Build 3247384 Thu Jun 10 19:36:07 MDT 2021
| Date         : Wed Jul  3 18:20:59 2024
| Host         : Griffon running 64-bit Ubuntu 22.04.4 LTS
| Command      : upgrade_ip
| Device       : xc7z020clg484-1
------------------------------------------------------------------------------------

Upgrade Log for IP 'procedural_0'

1. Summary
----------

CAUTION (success, with warnings) in the upgrade of procedural_0 (user.org:user:procedural:1.0) from (Rev. 2) to (Rev. 3)

After upgrade, an IP may have parameter and port differences compared to the original customization. Please review the parameters within the IP customization GUI to ensure proper functionality. Also, please review the updated IP instantiation template to ensure proper connectivity, and update your design if required.

2. Connection Warnings
----------------------

Detected external port differences while upgrading 'procedural_0'. These changes may impact your design.


-Upgraded port 's_axil_wstrb' width 8 differs from original width 64


