Copyright 1986-2021 Xilinx, Inc. All Rights Reserved.
------------------------------------------------------------------------------------
| Tool Version : Vivado v.2021.1 (lin64) Build 3247384 Thu Jun 10 19:36:07 MDT 2021
| Date         : Tue Jun  4 15:16:40 2024
| Host         : manjaro running 64-bit Manjaro Linux
| Command      : report_timing_summary -file timing_synth.log
| Design       : system_top
| Device       : 7z020-clg484
| Speed File   : -1  PRODUCTION 1.12 2019-11-22
------------------------------------------------------------------------------------

Timing Summary Report

------------------------------------------------------------------------------------------------
| Timer Settings
| --------------
------------------------------------------------------------------------------------------------

  Enable Multi Corner Analysis               :  Yes
  Enable Pessimism Removal                   :  Yes
  Pessimism Removal Resolution               :  Nearest Common Node
  Enable Input Delay Default Clock           :  No
  Enable Preset / Clear Arcs                 :  No
  Disable Flight Delays                      :  No
  Ignore I/O Paths                           :  No
  Timing Early Launch at Borrowing Latches   :  No
  Borrow Time for Max Delay Exceptions       :  Yes
  Merge Timing Exceptions                    :  Yes

  Corner  Analyze    Analyze    
  Name    Max Paths  Min Paths  
  ------  ---------  ---------  
  Slow    Yes        Yes        
  Fast    Yes        Yes        


------------------------------------------------------------------------------------------------
| Report Methodology
| ------------------
------------------------------------------------------------------------------------------------

No report available as report_methodology has not been run prior. Run report_methodology on the current design for the summary of methodology violations.



check_timing report

Table of Contents
-----------------
1. checking no_clock (0)
2. checking constant_clock (0)
3. checking pulse_width_clock (0)
4. checking unconstrained_internal_endpoints (0)
5. checking no_input_delay (2)
6. checking no_output_delay (23)
7. checking multiple_clock (0)
8. checking generated_clocks (0)
9. checking loops (0)
10. checking partial_input_delay (0)
11. checking partial_output_delay (0)
12. checking latch_loops (0)

1. checking no_clock (0)
------------------------
 There are 0 register/latch pins with no clock.


2. checking constant_clock (0)
------------------------------
 There are 0 register/latch pins with constant_clock.


3. checking pulse_width_clock (0)
---------------------------------
 There are 0 register/latch pins which need pulse_width check


4. checking unconstrained_internal_endpoints (0)
------------------------------------------------
 There are 0 pins that are not constrained for maximum delay.

 There are 0 pins that are not constrained for maximum delay due to constant clock.


5. checking no_input_delay (2)
------------------------------
 There are 2 input ports with no input delay specified. (HIGH)

 There are 0 input ports with no input delay but user has a false path constraint.


6. checking no_output_delay (23)
--------------------------------
 There are 23 ports with no output delay specified. (HIGH)

 There are 0 ports with no output delay but user has a false path constraint

 There are 0 ports with no output delay but with a timing clock defined on it or propagating through it


7. checking multiple_clock (0)
------------------------------
 There are 0 register/latch pins with multiple clocks.


8. checking generated_clocks (0)
--------------------------------
 There are 0 generated clocks that are not connected to a clock source.


9. checking loops (0)
---------------------
 There are 0 combinational loops in the design.


10. checking partial_input_delay (0)
------------------------------------
 There are 0 input ports with partial input delay specified.


11. checking partial_output_delay (0)
-------------------------------------
 There are 0 ports with partial output delay specified.


12. checking latch_loops (0)
----------------------------
 There are 0 combinational latch loops in the design through latch input



------------------------------------------------------------------------------------------------
| Design Timing Summary
| ---------------------
------------------------------------------------------------------------------------------------

    WNS(ns)      TNS(ns)  TNS Failing Endpoints  TNS Total Endpoints      WHS(ns)      THS(ns)  THS Failing Endpoints  THS Total Endpoints     WPWS(ns)     TPWS(ns)  TPWS Failing Endpoints  TPWS Total Endpoints  
    -------      -------  ---------------------  -------------------      -------      -------  ---------------------  -------------------     --------     --------  ----------------------  --------------------  
      0.550        0.000                      0                13486        0.045        0.000                      0                13486        0.090        0.000                       0                  5252  


All user specified timing constraints are met.


------------------------------------------------------------------------------------------------
| Clock Summary
| -------------
------------------------------------------------------------------------------------------------

Clock                                 Waveform(ns)         Period(ns)      Frequency(MHz)
-----                                 ------------         ----------      --------------
clk_fpga_0                            {0.000 5.000}        10.000          100.000         
clk_fpga_1                            {0.000 2.500}        5.000           200.000         
  clk_out1_system_sys_audio_clkgen_0  {0.000 40.690}       81.380          12.288          
  clkfbout_system_sys_audio_clkgen_0  {0.000 22.500}       45.000          22.222          
  mmcm_clk_0_s                        {0.000 3.367}        6.735           148.485         
  mmcm_clk_1_s                        {0.000 3.367}        6.735           148.485         
  mmcm_clk_2_s                        {0.000 1.122}        2.245           445.455         
  mmcm_fb_clk_s                       {0.000 27.500}       55.000          18.182          
spi0_clk                              {0.000 20.000}       40.000          25.000          
spi1_clk                              {0.000 20.000}       40.000          25.000          


------------------------------------------------------------------------------------------------
| Intra Clock Table
| -----------------
------------------------------------------------------------------------------------------------

Clock                                     WNS(ns)      TNS(ns)  TNS Failing Endpoints  TNS Total Endpoints      WHS(ns)      THS(ns)  THS Failing Endpoints  THS Total Endpoints     WPWS(ns)     TPWS(ns)  TPWS Failing Endpoints  TPWS Total Endpoints  
-----                                     -------      -------  ---------------------  -------------------      -------      -------  ---------------------  -------------------     --------     --------  ----------------------  --------------------  
clk_fpga_0                                  3.724        0.000                      0                11532        0.045        0.000                      0                11532        2.500        0.000                       0                  4583  
clk_fpga_1                                  2.323        0.000                      0                   51        0.045        0.000                      0                   51        1.100        0.000                       0                    41  
  clk_out1_system_sys_audio_clkgen_0       79.969        0.000                      0                    1        0.137        0.000                      0                    1       40.190        0.000                       0                     4  
  clkfbout_system_sys_audio_clkgen_0                                                                                                                                                   43.751        0.000                       0                     2  
  mmcm_clk_0_s                              0.550        0.000                      0                 1229        0.045        0.000                      0                 1229        2.387        0.000                       0                   615  
  mmcm_clk_1_s                                                                                                                                                                          4.579        0.000                       0                     2  
  mmcm_clk_2_s                                                                                                                                                                          0.090        0.000                       0                     2  
  mmcm_fb_clk_s                                                                                                                                                                        45.000        0.000                       0                     3  


------------------------------------------------------------------------------------------------
| Inter Clock Table
| -----------------
------------------------------------------------------------------------------------------------

From Clock    To Clock          WNS(ns)      TNS(ns)  TNS Failing Endpoints  TNS Total Endpoints      WHS(ns)      THS(ns)  THS Failing Endpoints  THS Total Endpoints  
----------    --------          -------      -------  ---------------------  -------------------      -------      -------  ---------------------  -------------------  


------------------------------------------------------------------------------------------------
| Other Path Groups Table
| -----------------------
------------------------------------------------------------------------------------------------

Path Group         From Clock         To Clock               WNS(ns)      TNS(ns)  TNS Failing Endpoints  TNS Total Endpoints      WHS(ns)      THS(ns)  THS Failing Endpoints  THS Total Endpoints  
----------         ----------         --------               -------      -------  ---------------------  -------------------      -------      -------  ---------------------  -------------------  
**async_default**  clk_fpga_0         clk_fpga_0               7.214        0.000                      0                  445        0.299        0.000                      0                  445  
**async_default**  mmcm_clk_0_s       mmcm_clk_0_s             4.976        0.000                      0                  228        0.339        0.000                      0                  228  


------------------------------------------------------------------------------------------------
| Timing Details
| --------------
------------------------------------------------------------------------------------------------


---------------------------------------------------------------------------------------------------
From Clock:  clk_fpga_0
  To Clock:  clk_fpga_0

Setup :            0  Failing Endpoints,  Worst Slack        3.724ns,  Total Violation        0.000ns
Hold  :            0  Failing Endpoints,  Worst Slack        0.045ns,  Total Violation        0.000ns
PW    :            0  Failing Endpoints,  Worst Slack        2.500ns,  Total Violation        0.000ns
---------------------------------------------------------------------------------------------------


Max Delay Paths
--------------------------------------------------------------------------------------
Slack (MET) :             3.724ns  (required time - arrival time)
  Source:                 i_system_wrapper/system_i/axi_hp0_interconnect/inst/m00_exit_pipeline/m00_exit/inst/splitter_inst/gen_axi3.splitter_inst/gen_rsplitter.artrans_cntr_reg[4]/C
                            (rising edge-triggered cell FDRE clocked by clk_fpga_0  {rise@0.000ns fall@5.000ns period=10.000ns})
  Destination:            i_system_wrapper/system_i/sys_ps7/inst/PS7_i/SAXIHP0ARSIZE[0]
                            (rising edge-triggered cell PS7 clocked by clk_fpga_0  {rise@0.000ns fall@5.000ns period=10.000ns})
  Path Group:             clk_fpga_0
  Path Type:              Setup (Max at Slow Process Corner)
  Requirement:            10.000ns  (clk_fpga_0 rise@10.000ns - clk_fpga_0 rise@0.000ns)
  Data Path Delay:        5.388ns  (logic 1.269ns (23.554%)  route 4.119ns (76.446%))
  Logic Levels:           5  (LUT4=1 LUT6=4)
  Clock Path Skew:        -0.040ns (DCD - SCD + CPR)
    Destination Clock Delay (DCD):    1.610ns = ( 11.610 - 10.000 ) 
    Source Clock Delay      (SCD):    1.700ns
    Clock Pessimism Removal (CPR):    0.050ns
  Clock Uncertainty:      0.154ns  ((TSJ^2 + TIJ^2)^1/2 + DJ) / 2 + PE
    Total System Jitter     (TSJ):    0.071ns
    Total Input Jitter      (TIJ):    0.300ns
    Discrete Jitter          (DJ):    0.000ns
    Phase Error              (PE):    0.000ns

    Location             Delay type                Incr(ns)  Path(ns)    Netlist Resource(s)
  -------------------------------------------------------------------    -------------------
                         (clock clk_fpga_0 rise edge)
                                                      0.000     0.000 r  
    PS7_X0Y0             PS7                          0.000     0.000 r  i_system_wrapper/system_i/sys_ps7/inst/PS7_i/FCLKCLK[0]
                         net (fo=1, unplaced)         0.800     0.800    i_system_wrapper/system_i/sys_ps7/inst/FCLK_CLK_unbuffered[0]
                         BUFG (Prop_bufg_I_O)         0.101     0.901 r  i_system_wrapper/system_i/sys_ps7/inst/buffer_fclk_clk_0.FCLK_CLK_0_BUFG/O
                         net (fo=4585, unplaced)      0.800     1.700    i_system_wrapper/system_i/axi_hp0_interconnect/inst/m00_exit_pipeline/m00_exit/inst/splitter_inst/gen_axi3.splitter_inst/aclk
                         FDRE                                         r  i_system_wrapper/system_i/axi_hp0_interconnect/inst/m00_exit_pipeline/m00_exit/inst/splitter_inst/gen_axi3.splitter_inst/gen_rsplitter.artrans_cntr_reg[4]/C
  -------------------------------------------------------------------    -------------------
                         FDRE (Prop_fdre_C_Q)         0.478     2.178 r  i_system_wrapper/system_i/axi_hp0_interconnect/inst/m00_exit_pipeline/m00_exit/inst/splitter_inst/gen_axi3.splitter_inst/gen_rsplitter.artrans_cntr_reg[4]/Q
                         net (fo=3, unplaced)         0.983     3.161    i_system_wrapper/system_i/axi_hp0_interconnect/inst/m00_exit_pipeline/m00_exit/inst/splitter_inst/gen_axi3.splitter_inst/ar_cmd_reg/m_vector_i_reg[139]_0[4]
                         LUT6 (Prop_lut6_I0_O)        0.295     3.456 r  i_system_wrapper/system_i/axi_hp0_interconnect/inst/m00_exit_pipeline/m00_exit/inst/splitter_inst/gen_axi3.splitter_inst/ar_cmd_reg/gen_rsplitter.artrans_cntr[7]_i_5/O
                         net (fo=4, unplaced)         0.473     3.929    i_system_wrapper/system_i/axi_hp0_interconnect/inst/m00_exit_pipeline/m00_exit/inst/splitter_inst/gen_axi3.splitter_inst/ar_cmd_reg/gen_rsplitter.artrans_cntr_reg[4]
                         LUT4 (Prop_lut4_I1_O)        0.124     4.053 r  i_system_wrapper/system_i/axi_hp0_interconnect/inst/m00_exit_pipeline/m00_exit/inst/splitter_inst/gen_axi3.splitter_inst/ar_cmd_reg/m_axi_arlen[3]_INST_0_i_2/O
                         net (fo=9, unplaced)         0.490     4.543    i_system_wrapper/system_i/axi_hp0_interconnect/inst/m00_exit_pipeline/m00_exit/inst/splitter_inst/gen_axi3.splitter_inst/ar_cmd_reg/gen_rsplitter.artrans_cntr_reg[7]
                         LUT6 (Prop_lut6_I0_O)        0.124     4.667 r  i_system_wrapper/system_i/axi_hp0_interconnect/inst/m00_exit_pipeline/m00_exit/inst/splitter_inst/gen_axi3.splitter_inst/ar_cmd_reg/m_vector_i[140]_i_1/O
                         net (fo=2, unplaced)         0.460     5.127    i_system_wrapper/system_i/axi_hp0_interconnect/inst/m00_exit_pipeline/m00_exit/inst/splitter_inst/gen_axi3.splitter_inst/ar_cmd_reg/sr_axi_aruser__0[140]
                         LUT6 (Prop_lut6_I3_O)        0.124     5.251 r  i_system_wrapper/system_i/axi_hp0_interconnect/inst/m00_exit_pipeline/m00_exit/inst/splitter_inst/gen_axi3.splitter_inst/ar_cmd_reg/m_axi_arsize[1]_INST_0_i_2/O
                         net (fo=2, unplaced)         0.913     6.164    i_system_wrapper/system_i/axi_hp0_interconnect/inst/m00_exit_pipeline/m00_exit/inst/splitter_inst/gen_axi3.splitter_inst/ar_cmd_reg/m_axi_arsize[1]_INST_0_i_2_n_0
                         LUT6 (Prop_lut6_I1_O)        0.124     6.288 r  i_system_wrapper/system_i/axi_hp0_interconnect/inst/m00_exit_pipeline/m00_exit/inst/splitter_inst/gen_axi3.splitter_inst/ar_cmd_reg/m_axi_arsize[0]_INST_0/O
                         net (fo=1, unplaced)         0.800     7.088    i_system_wrapper/system_i/sys_ps7/inst/S_AXI_HP0_ARSIZE[0]
    PS7_X0Y0             PS7                                          r  i_system_wrapper/system_i/sys_ps7/inst/PS7_i/SAXIHP0ARSIZE[0]
  -------------------------------------------------------------------    -------------------

                         (clock clk_fpga_0 rise edge)
                                                     10.000    10.000 r  
    PS7_X0Y0             PS7                          0.000    10.000 r  i_system_wrapper/system_i/sys_ps7/inst/PS7_i/FCLKCLK[0]
                         net (fo=1, unplaced)         0.760    10.760    i_system_wrapper/system_i/sys_ps7/inst/FCLK_CLK_unbuffered[0]
                         BUFG (Prop_bufg_I_O)         0.091    10.851 r  i_system_wrapper/system_i/sys_ps7/inst/buffer_fclk_clk_0.FCLK_CLK_0_BUFG/O
                         net (fo=4585, unplaced)      0.760    11.610    i_system_wrapper/system_i/sys_ps7/inst/S_AXI_HP0_ACLK
    PS7_X0Y0             PS7                                          r  i_system_wrapper/system_i/sys_ps7/inst/PS7_i/SAXIHP0ACLK
                         clock pessimism              0.050    11.660    
                         clock uncertainty           -0.154    11.506    
    PS7_X0Y0             PS7 (Setup_ps7_SAXIHP0ACLK_SAXIHP0ARSIZE[0])
                                                     -0.694    10.812    i_system_wrapper/system_i/sys_ps7/inst/PS7_i
  -------------------------------------------------------------------
                         required time                         10.812    
                         arrival time                          -7.088    
  -------------------------------------------------------------------
                         slack                                  3.724    





Min Delay Paths
--------------------------------------------------------------------------------------
Slack (MET) :             0.045ns  (arrival time - required time)
  Source:                 i_system_wrapper/system_i/axi_hdmi_core/inst/i_up/i_clock_mon/up_count_running_m1_reg/C
                            (rising edge-triggered cell FDRE clocked by clk_fpga_0  {rise@0.000ns fall@5.000ns period=10.000ns})
  Destination:            i_system_wrapper/system_i/axi_hdmi_core/inst/i_up/i_clock_mon/up_count_running_m2_reg/D
                            (rising edge-triggered cell FDRE clocked by clk_fpga_0  {rise@0.000ns fall@5.000ns period=10.000ns})
  Path Group:             clk_fpga_0
  Path Type:              Hold (Min at Fast Process Corner)
  Requirement:            0.000ns  (clk_fpga_0 rise@0.000ns - clk_fpga_0 rise@0.000ns)
  Data Path Delay:        0.228ns  (logic 0.147ns (64.493%)  route 0.081ns (35.507%))
  Logic Levels:           0  
  Clock Path Skew:        0.145ns (DCD - SCD - CPR)
    Destination Clock Delay (DCD):    0.739ns
    Source Clock Delay      (SCD):    0.573ns
    Clock Pessimism Removal (CPR):    0.021ns

    Location             Delay type                Incr(ns)  Path(ns)    Netlist Resource(s)
  -------------------------------------------------------------------    -------------------
                         (clock clk_fpga_0 rise edge)
                                                      0.000     0.000 r  
    PS7_X0Y0             PS7                          0.000     0.000 r  i_system_wrapper/system_i/sys_ps7/inst/PS7_i/FCLKCLK[0]
                         net (fo=1, unplaced)         0.337     0.337    i_system_wrapper/system_i/sys_ps7/inst/FCLK_CLK_unbuffered[0]
                         BUFG (Prop_bufg_I_O)         0.026     0.363 r  i_system_wrapper/system_i/sys_ps7/inst/buffer_fclk_clk_0.FCLK_CLK_0_BUFG/O
                         net (fo=4585, unplaced)      0.210     0.573    i_system_wrapper/system_i/axi_hdmi_core/inst/i_up/i_clock_mon/s_axi_aclk
                         FDRE                                         r  i_system_wrapper/system_i/axi_hdmi_core/inst/i_up/i_clock_mon/up_count_running_m1_reg/C
  -------------------------------------------------------------------    -------------------
                         FDRE (Prop_fdre_C_Q)         0.147     0.720 r  i_system_wrapper/system_i/axi_hdmi_core/inst/i_up/i_clock_mon/up_count_running_m1_reg/Q
                         net (fo=1, unplaced)         0.081     0.801    i_system_wrapper/system_i/axi_hdmi_core/inst/i_up/i_clock_mon/up_count_running_m1
                         FDRE                                         r  i_system_wrapper/system_i/axi_hdmi_core/inst/i_up/i_clock_mon/up_count_running_m2_reg/D
  -------------------------------------------------------------------    -------------------

                         (clock clk_fpga_0 rise edge)
                                                      0.000     0.000 r  
    PS7_X0Y0             PS7                          0.000     0.000 r  i_system_wrapper/system_i/sys_ps7/inst/PS7_i/FCLKCLK[0]
                         net (fo=1, unplaced)         0.355     0.355    i_system_wrapper/system_i/sys_ps7/inst/FCLK_CLK_unbuffered[0]
                         BUFG (Prop_bufg_I_O)         0.029     0.384 r  i_system_wrapper/system_i/sys_ps7/inst/buffer_fclk_clk_0.FCLK_CLK_0_BUFG/O
                         net (fo=4585, unplaced)      0.355     0.739    i_system_wrapper/system_i/axi_hdmi_core/inst/i_up/i_clock_mon/s_axi_aclk
                         FDRE                                         r  i_system_wrapper/system_i/axi_hdmi_core/inst/i_up/i_clock_mon/up_count_running_m2_reg/C
                         clock pessimism             -0.021     0.718    
                         FDRE (Hold_fdre_C_D)         0.038     0.756    i_system_wrapper/system_i/axi_hdmi_core/inst/i_up/i_clock_mon/up_count_running_m2_reg
  -------------------------------------------------------------------
                         required time                         -0.756    
                         arrival time                           0.801    
  -------------------------------------------------------------------
                         slack                                  0.045    





Pulse Width Checks
--------------------------------------------------------------------------------------
Clock Name:         clk_fpga_0
Waveform(ns):       { 0.000 5.000 }
Period(ns):         10.000
Sources:            { i_system_wrapper/system_i/sys_ps7/inst/PS7_i/FCLKCLK[0] }

Check Type        Corner  Lib Pin          Reference Pin  Required(ns)  Actual(ns)  Slack(ns)  Location  Pin
Min Period        n/a     MMCME2_ADV/DCLK  n/a            4.999         10.000      5.001                i_system_wrapper/system_i/axi_hdmi_clkgen/inst/i_mmcm_drp/i_mmcm/DCLK
Low Pulse Width   Slow    MMCME2_ADV/DCLK  n/a            2.499         5.000       2.501                i_system_wrapper/system_i/axi_hdmi_clkgen/inst/i_mmcm_drp/i_mmcm/DCLK
High Pulse Width  Slow    MMCME2_ADV/DCLK  n/a            2.499         5.000       2.501                i_system_wrapper/system_i/axi_hdmi_clkgen/inst/i_mmcm_drp/i_mmcm/DCLK



---------------------------------------------------------------------------------------------------
From Clock:  clk_fpga_1
  To Clock:  clk_fpga_1

Setup :            0  Failing Endpoints,  Worst Slack        2.323ns,  Total Violation        0.000ns
Hold  :            0  Failing Endpoints,  Worst Slack        0.045ns,  Total Violation        0.000ns
PW    :            0  Failing Endpoints,  Worst Slack        1.100ns,  Total Violation        0.000ns
---------------------------------------------------------------------------------------------------


Max Delay Paths
--------------------------------------------------------------------------------------
Slack (MET) :             2.323ns  (required time - arrival time)
  Source:                 i_system_wrapper/system_i/sys_200m_rstgen/U0/SEQ/seq_clr_reg/C
                            (rising edge-triggered cell FDRE clocked by clk_fpga_1  {rise@0.000ns fall@2.500ns period=5.000ns})
  Destination:            i_system_wrapper/system_i/sys_200m_rstgen/U0/SEQ/SEQ_COUNTER/q_int_reg[0]/R
                            (rising edge-triggered cell FDRE clocked by clk_fpga_1  {rise@0.000ns fall@2.500ns period=5.000ns})
  Path Group:             clk_fpga_1
  Path Type:              Setup (Max at Slow Process Corner)
  Requirement:            5.000ns  (clk_fpga_1 rise@5.000ns - clk_fpga_1 rise@0.000ns)
  Data Path Delay:        1.892ns  (logic 0.773ns (40.856%)  route 1.119ns (59.144%))
  Logic Levels:           1  (LUT1=1)
  Clock Path Skew:        -0.145ns (DCD - SCD + CPR)
    Destination Clock Delay (DCD):    1.290ns = ( 6.290 - 5.000 ) 
    Source Clock Delay      (SCD):    1.485ns
    Clock Pessimism Removal (CPR):    0.050ns
  Clock Uncertainty:      0.083ns  ((TSJ^2 + TIJ^2)^1/2 + DJ) / 2 + PE
    Total System Jitter     (TSJ):    0.071ns
    Total Input Jitter      (TIJ):    0.150ns
    Discrete Jitter          (DJ):    0.000ns
    Phase Error              (PE):    0.000ns

    Location             Delay type                Incr(ns)  Path(ns)    Netlist Resource(s)
  -------------------------------------------------------------------    -------------------
                         (clock clk_fpga_1 rise edge)
                                                      0.000     0.000 r  
    PS7_X0Y0             PS7                          0.000     0.000 r  i_system_wrapper/system_i/sys_ps7/inst/PS7_i/FCLKCLK[1]
                         net (fo=1, unplaced)         0.800     0.800    i_system_wrapper/system_i/sys_ps7/inst/FCLK_CLK_unbuffered[1]
                         BUFG (Prop_bufg_I_O)         0.101     0.901 r  i_system_wrapper/system_i/sys_ps7/inst/buffer_fclk_clk_1.FCLK_CLK_1_BUFG/O
                         net (fo=40, unplaced)        0.584     1.485    i_system_wrapper/system_i/sys_200m_rstgen/U0/SEQ/slowest_sync_clk
                         FDRE                                         r  i_system_wrapper/system_i/sys_200m_rstgen/U0/SEQ/seq_clr_reg/C
  -------------------------------------------------------------------    -------------------
                         FDRE (Prop_fdre_C_Q)         0.478     1.963 f  i_system_wrapper/system_i/sys_200m_rstgen/U0/SEQ/seq_clr_reg/Q
                         net (fo=1, unplaced)         0.311     2.274    i_system_wrapper/system_i/sys_200m_rstgen/U0/SEQ/SEQ_COUNTER/seq_clr
                         LUT1 (Prop_lut1_I0_O)        0.295     2.569 r  i_system_wrapper/system_i/sys_200m_rstgen/U0/SEQ/SEQ_COUNTER/q_int[5]_i_1/O
                         net (fo=6, unplaced)         0.808     3.377    i_system_wrapper/system_i/sys_200m_rstgen/U0/SEQ/SEQ_COUNTER/clear
                         FDRE                                         r  i_system_wrapper/system_i/sys_200m_rstgen/U0/SEQ/SEQ_COUNTER/q_int_reg[0]/R
  -------------------------------------------------------------------    -------------------

                         (clock clk_fpga_1 rise edge)
                                                      5.000     5.000 r  
    PS7_X0Y0             PS7                          0.000     5.000 r  i_system_wrapper/system_i/sys_ps7/inst/PS7_i/FCLKCLK[1]
                         net (fo=1, unplaced)         0.760     5.760    i_system_wrapper/system_i/sys_ps7/inst/FCLK_CLK_unbuffered[1]
                         BUFG (Prop_bufg_I_O)         0.091     5.851 r  i_system_wrapper/system_i/sys_ps7/inst/buffer_fclk_clk_1.FCLK_CLK_1_BUFG/O
                         net (fo=40, unplaced)        0.439     6.290    i_system_wrapper/system_i/sys_200m_rstgen/U0/SEQ/SEQ_COUNTER/slowest_sync_clk
                         FDRE                                         r  i_system_wrapper/system_i/sys_200m_rstgen/U0/SEQ/SEQ_COUNTER/q_int_reg[0]/C
                         clock pessimism              0.050     6.340    
                         clock uncertainty           -0.083     6.257    
                         FDRE (Setup_fdre_C_R)       -0.557     5.700    i_system_wrapper/system_i/sys_200m_rstgen/U0/SEQ/SEQ_COUNTER/q_int_reg[0]
  -------------------------------------------------------------------
                         required time                          5.700    
                         arrival time                          -3.377    
  -------------------------------------------------------------------
                         slack                                  2.323    





Min Delay Paths
--------------------------------------------------------------------------------------
Slack (MET) :             0.045ns  (arrival time - required time)
  Source:                 i_system_wrapper/system_i/sys_200m_rstgen/U0/EXT_LPF/ACTIVE_LOW_AUX.ACT_LO_AUX/GENERATE_LEVEL_P_S_CDC.SINGLE_BIT.CROSS_PLEVEL_IN2SCNDRY_IN_cdc_to/C
                            (rising edge-triggered cell FDRE clocked by clk_fpga_1  {rise@0.000ns fall@2.500ns period=5.000ns})
  Destination:            i_system_wrapper/system_i/sys_200m_rstgen/U0/EXT_LPF/ACTIVE_LOW_AUX.ACT_LO_AUX/GENERATE_LEVEL_P_S_CDC.SINGLE_BIT.CROSS_PLEVEL_IN2SCNDRY_s_level_out_d2/D
                            (rising edge-triggered cell FDRE clocked by clk_fpga_1  {rise@0.000ns fall@2.500ns period=5.000ns})
  Path Group:             clk_fpga_1
  Path Type:              Hold (Min at Fast Process Corner)
  Requirement:            0.000ns  (clk_fpga_1 rise@0.000ns - clk_fpga_1 rise@0.000ns)
  Data Path Delay:        0.228ns  (logic 0.147ns (64.493%)  route 0.081ns (35.507%))
  Logic Levels:           0  
  Clock Path Skew:        0.145ns (DCD - SCD - CPR)
    Destination Clock Delay (DCD):    0.643ns
    Source Clock Delay      (SCD):    0.477ns
    Clock Pessimism Removal (CPR):    0.021ns

    Location             Delay type                Incr(ns)  Path(ns)    Netlist Resource(s)
  -------------------------------------------------------------------    -------------------
                         (clock clk_fpga_1 rise edge)
                                                      0.000     0.000 r  
    PS7_X0Y0             PS7                          0.000     0.000 r  i_system_wrapper/system_i/sys_ps7/inst/PS7_i/FCLKCLK[1]
                         net (fo=1, unplaced)         0.337     0.337    i_system_wrapper/system_i/sys_ps7/inst/FCLK_CLK_unbuffered[1]
                         BUFG (Prop_bufg_I_O)         0.026     0.363 r  i_system_wrapper/system_i/sys_ps7/inst/buffer_fclk_clk_1.FCLK_CLK_1_BUFG/O
                         net (fo=40, unplaced)        0.114     0.477    i_system_wrapper/system_i/sys_200m_rstgen/U0/EXT_LPF/ACTIVE_LOW_AUX.ACT_LO_AUX/slowest_sync_clk
                         FDRE                                         r  i_system_wrapper/system_i/sys_200m_rstgen/U0/EXT_LPF/ACTIVE_LOW_AUX.ACT_LO_AUX/GENERATE_LEVEL_P_S_CDC.SINGLE_BIT.CROSS_PLEVEL_IN2SCNDRY_IN_cdc_to/C
  -------------------------------------------------------------------    -------------------
                         FDRE (Prop_fdre_C_Q)         0.147     0.624 r  i_system_wrapper/system_i/sys_200m_rstgen/U0/EXT_LPF/ACTIVE_LOW_AUX.ACT_LO_AUX/GENERATE_LEVEL_P_S_CDC.SINGLE_BIT.CROSS_PLEVEL_IN2SCNDRY_IN_cdc_to/Q
                         net (fo=1, unplaced)         0.081     0.705    i_system_wrapper/system_i/sys_200m_rstgen/U0/EXT_LPF/ACTIVE_LOW_AUX.ACT_LO_AUX/s_level_out_d1_cdc_to
                         FDRE                                         r  i_system_wrapper/system_i/sys_200m_rstgen/U0/EXT_LPF/ACTIVE_LOW_AUX.ACT_LO_AUX/GENERATE_LEVEL_P_S_CDC.SINGLE_BIT.CROSS_PLEVEL_IN2SCNDRY_s_level_out_d2/D
  -------------------------------------------------------------------    -------------------

                         (clock clk_fpga_1 rise edge)
                                                      0.000     0.000 r  
    PS7_X0Y0             PS7                          0.000     0.000 r  i_system_wrapper/system_i/sys_ps7/inst/PS7_i/FCLKCLK[1]
                         net (fo=1, unplaced)         0.355     0.355    i_system_wrapper/system_i/sys_ps7/inst/FCLK_CLK_unbuffered[1]
                         BUFG (Prop_bufg_I_O)         0.029     0.384 r  i_system_wrapper/system_i/sys_ps7/inst/buffer_fclk_clk_1.FCLK_CLK_1_BUFG/O
                         net (fo=40, unplaced)        0.259     0.643    i_system_wrapper/system_i/sys_200m_rstgen/U0/EXT_LPF/ACTIVE_LOW_AUX.ACT_LO_AUX/slowest_sync_clk
                         FDRE                                         r  i_system_wrapper/system_i/sys_200m_rstgen/U0/EXT_LPF/ACTIVE_LOW_AUX.ACT_LO_AUX/GENERATE_LEVEL_P_S_CDC.SINGLE_BIT.CROSS_PLEVEL_IN2SCNDRY_s_level_out_d2/C
                         clock pessimism             -0.021     0.622    
                         FDRE (Hold_fdre_C_D)         0.038     0.660    i_system_wrapper/system_i/sys_200m_rstgen/U0/EXT_LPF/ACTIVE_LOW_AUX.ACT_LO_AUX/GENERATE_LEVEL_P_S_CDC.SINGLE_BIT.CROSS_PLEVEL_IN2SCNDRY_s_level_out_d2
  -------------------------------------------------------------------
                         required time                         -0.660    
                         arrival time                           0.705    
  -------------------------------------------------------------------
                         slack                                  0.045    





Pulse Width Checks
--------------------------------------------------------------------------------------
Clock Name:         clk_fpga_1
Waveform(ns):       { 0.000 2.500 }
Period(ns):         5.000
Sources:            { i_system_wrapper/system_i/sys_ps7/inst/PS7_i/FCLKCLK[1] }

Check Type        Corner  Lib Pin            Reference Pin  Required(ns)  Actual(ns)  Slack(ns)  Location  Pin
Min Period        n/a     BUFG/I             n/a            2.155         5.000       2.845                i_system_wrapper/system_i/sys_ps7/inst/buffer_fclk_clk_1.FCLK_CLK_1_BUFG/I
Max Period        n/a     MMCME2_ADV/CLKIN1  n/a            100.000       5.000       95.000               i_system_wrapper/system_i/axi_hdmi_clkgen/inst/i_mmcm_drp/i_mmcm/CLKIN1
Low Pulse Width   Slow    MMCME2_ADV/CLKIN1  n/a            1.400         2.500       1.100                i_system_wrapper/system_i/axi_hdmi_clkgen/inst/i_mmcm_drp/i_mmcm/CLKIN1
High Pulse Width  Slow    MMCME2_ADV/CLKIN1  n/a            1.400         2.500       1.100                i_system_wrapper/system_i/axi_hdmi_clkgen/inst/i_mmcm_drp/i_mmcm/CLKIN1



---------------------------------------------------------------------------------------------------
From Clock:  clk_out1_system_sys_audio_clkgen_0
  To Clock:  clk_out1_system_sys_audio_clkgen_0

Setup :            0  Failing Endpoints,  Worst Slack       79.969ns,  Total Violation        0.000ns
Hold  :            0  Failing Endpoints,  Worst Slack        0.137ns,  Total Violation        0.000ns
PW    :            0  Failing Endpoints,  Worst Slack       40.190ns,  Total Violation        0.000ns
---------------------------------------------------------------------------------------------------


Max Delay Paths
--------------------------------------------------------------------------------------
Slack (MET) :             79.969ns  (required time - arrival time)
  Source:                 i_system_wrapper/system_i/axi_spdif_tx_core/U0/TENC/cdc_sync_stage0_tick_counter_reg/C
                            (rising edge-triggered cell FDRE clocked by clk_out1_system_sys_audio_clkgen_0  {rise@0.000ns fall@40.690ns period=81.380ns})
  Destination:            i_system_wrapper/system_i/axi_spdif_tx_core/U0/TENC/cdc_sync_stage0_tick_counter_reg/D
                            (rising edge-triggered cell FDRE clocked by clk_out1_system_sys_audio_clkgen_0  {rise@0.000ns fall@40.690ns period=81.380ns})
  Path Group:             clk_out1_system_sys_audio_clkgen_0
  Path Type:              Setup (Max at Slow Process Corner)
  Requirement:            81.380ns  (clk_out1_system_sys_audio_clkgen_0 rise@81.380ns - clk_out1_system_sys_audio_clkgen_0 rise@0.000ns)
  Data Path Delay:        1.095ns  (logic 0.773ns (70.594%)  route 0.322ns (29.406%))
  Logic Levels:           1  (LUT1=1)
  Clock Path Skew:        -0.145ns (DCD - SCD + CPR)
    Destination Clock Delay (DCD):    2.662ns = ( 84.043 - 81.380 ) 
    Source Clock Delay      (SCD):    3.057ns
    Clock Pessimism Removal (CPR):    0.250ns
  Clock Uncertainty:      0.215ns  ((TSJ^2 + DJ^2)^1/2) / 2 + PE
    Total System Jitter     (TSJ):    0.071ns
    Discrete Jitter          (DJ):    0.424ns
    Phase Error              (PE):    0.000ns

    Location             Delay type                Incr(ns)  Path(ns)    Netlist Resource(s)
  -------------------------------------------------------------------    -------------------
                         (clock clk_out1_system_sys_audio_clkgen_0 rise edge)
                                                      0.000     0.000 r  
    PS7_X0Y0             PS7                          0.000     0.000 r  i_system_wrapper/system_i/sys_ps7/inst/PS7_i/FCLKCLK[1]
                         net (fo=1, unplaced)         0.800     0.800    i_system_wrapper/system_i/sys_ps7/inst/FCLK_CLK_unbuffered[1]
                         BUFG (Prop_bufg_I_O)         0.101     0.901 r  i_system_wrapper/system_i/sys_ps7/inst/buffer_fclk_clk_1.FCLK_CLK_1_BUFG/O
                         net (fo=40, unplaced)        0.584     1.485    i_system_wrapper/system_i/sys_audio_clkgen/inst/clk_in1
                         MMCME2_ADV (Prop_mmcme2_adv_CLKIN1_CLKOUT0)
                                                      0.088     1.573 r  i_system_wrapper/system_i/sys_audio_clkgen/inst/mmcm_adv_inst/CLKOUT0
                         net (fo=1, unplaced)         0.800     2.372    i_system_wrapper/system_i/sys_audio_clkgen/inst/clk_out1_system_sys_audio_clkgen_0
                         BUFG (Prop_bufg_I_O)         0.101     2.473 r  i_system_wrapper/system_i/sys_audio_clkgen/inst/clkout1_buf/O
                         net (fo=2, unplaced)         0.584     3.057    i_system_wrapper/system_i/axi_spdif_tx_core/U0/TENC/spdif_data_clk
                         FDRE                                         r  i_system_wrapper/system_i/axi_spdif_tx_core/U0/TENC/cdc_sync_stage0_tick_counter_reg/C
  -------------------------------------------------------------------    -------------------
                         FDRE (Prop_fdre_C_Q)         0.478     3.535 f  i_system_wrapper/system_i/axi_spdif_tx_core/U0/TENC/cdc_sync_stage0_tick_counter_reg/Q
                         net (fo=2, unplaced)         0.322     3.857    i_system_wrapper/system_i/axi_spdif_tx_core/U0/TENC/cdc_sync_stage0_tick_counter
                         LUT1 (Prop_lut1_I0_O)        0.295     4.152 r  i_system_wrapper/system_i/axi_spdif_tx_core/U0/TENC/cdc_sync_stage0_tick_counter_i_1/O
                         net (fo=1, unplaced)         0.000     4.152    i_system_wrapper/system_i/axi_spdif_tx_core/U0/TENC/cdc_sync_stage0_tick_counter_i_1_n_0
                         FDRE                                         r  i_system_wrapper/system_i/axi_spdif_tx_core/U0/TENC/cdc_sync_stage0_tick_counter_reg/D
  -------------------------------------------------------------------    -------------------

                         (clock clk_out1_system_sys_audio_clkgen_0 rise edge)
                                                     81.380    81.380 r  
    PS7_X0Y0             PS7                          0.000    81.380 r  i_system_wrapper/system_i/sys_ps7/inst/PS7_i/FCLKCLK[1]
                         net (fo=1, unplaced)         0.760    82.140    i_system_wrapper/system_i/sys_ps7/inst/FCLK_CLK_unbuffered[1]
                         BUFG (Prop_bufg_I_O)         0.091    82.231 r  i_system_wrapper/system_i/sys_ps7/inst/buffer_fclk_clk_1.FCLK_CLK_1_BUFG/O
                         net (fo=40, unplaced)        0.439    82.670    i_system_wrapper/system_i/sys_audio_clkgen/inst/clk_in1
                         MMCME2_ADV (Prop_mmcme2_adv_CLKIN1_CLKOUT0)
                                                      0.083    82.753 r  i_system_wrapper/system_i/sys_audio_clkgen/inst/mmcm_adv_inst/CLKOUT0
                         net (fo=1, unplaced)         0.760    83.513    i_system_wrapper/system_i/sys_audio_clkgen/inst/clk_out1_system_sys_audio_clkgen_0
                         BUFG (Prop_bufg_I_O)         0.091    83.604 r  i_system_wrapper/system_i/sys_audio_clkgen/inst/clkout1_buf/O
                         net (fo=2, unplaced)         0.439    84.043    i_system_wrapper/system_i/axi_spdif_tx_core/U0/TENC/spdif_data_clk
                         FDRE                                         r  i_system_wrapper/system_i/axi_spdif_tx_core/U0/TENC/cdc_sync_stage0_tick_counter_reg/C
                         clock pessimism              0.250    84.293    
                         clock uncertainty           -0.215    84.078    
                         FDRE (Setup_fdre_C_D)        0.044    84.122    i_system_wrapper/system_i/axi_spdif_tx_core/U0/TENC/cdc_sync_stage0_tick_counter_reg
  -------------------------------------------------------------------
                         required time                         84.122    
                         arrival time                          -4.152    
  -------------------------------------------------------------------
                         slack                                 79.969    





Min Delay Paths
--------------------------------------------------------------------------------------
Slack (MET) :             0.137ns  (arrival time - required time)
  Source:                 i_system_wrapper/system_i/axi_spdif_tx_core/U0/TENC/cdc_sync_stage0_tick_counter_reg/C
                            (rising edge-triggered cell FDRE clocked by clk_out1_system_sys_audio_clkgen_0  {rise@0.000ns fall@40.690ns period=81.380ns})
  Destination:            i_system_wrapper/system_i/axi_spdif_tx_core/U0/TENC/cdc_sync_stage0_tick_counter_reg/D
                            (rising edge-triggered cell FDRE clocked by clk_out1_system_sys_audio_clkgen_0  {rise@0.000ns fall@40.690ns period=81.380ns})
  Path Group:             clk_out1_system_sys_audio_clkgen_0
  Path Type:              Hold (Min at Fast Process Corner)
  Requirement:            0.000ns  (clk_out1_system_sys_audio_clkgen_0 rise@0.000ns - clk_out1_system_sys_audio_clkgen_0 rise@0.000ns)
  Data Path Delay:        0.381ns  (logic 0.245ns (64.350%)  route 0.136ns (35.650%))
  Logic Levels:           1  (LUT1=1)
  Clock Path Skew:        0.145ns (DCD - SCD - CPR)
    Destination Clock Delay (DCD):    1.339ns
    Source Clock Delay      (SCD):    1.004ns
    Clock Pessimism Removal (CPR):    0.189ns

    Location             Delay type                Incr(ns)  Path(ns)    Netlist Resource(s)
  -------------------------------------------------------------------    -------------------
                         (clock clk_out1_system_sys_audio_clkgen_0 rise edge)
                                                      0.000     0.000 r  
    PS7_X0Y0             PS7                          0.000     0.000 r  i_system_wrapper/system_i/sys_ps7/inst/PS7_i/FCLKCLK[1]
                         net (fo=1, unplaced)         0.337     0.337    i_system_wrapper/system_i/sys_ps7/inst/FCLK_CLK_unbuffered[1]
                         BUFG (Prop_bufg_I_O)         0.026     0.363 r  i_system_wrapper/system_i/sys_ps7/inst/buffer_fclk_clk_1.FCLK_CLK_1_BUFG/O
                         net (fo=40, unplaced)        0.114     0.477    i_system_wrapper/system_i/sys_audio_clkgen/inst/clk_in1
                         MMCME2_ADV (Prop_mmcme2_adv_CLKIN1_CLKOUT0)
                                                      0.050     0.527 r  i_system_wrapper/system_i/sys_audio_clkgen/inst/mmcm_adv_inst/CLKOUT0
                         net (fo=1, unplaced)         0.337     0.864    i_system_wrapper/system_i/sys_audio_clkgen/inst/clk_out1_system_sys_audio_clkgen_0
                         BUFG (Prop_bufg_I_O)         0.026     0.890 r  i_system_wrapper/system_i/sys_audio_clkgen/inst/clkout1_buf/O
                         net (fo=2, unplaced)         0.114     1.004    i_system_wrapper/system_i/axi_spdif_tx_core/U0/TENC/spdif_data_clk
                         FDRE                                         r  i_system_wrapper/system_i/axi_spdif_tx_core/U0/TENC/cdc_sync_stage0_tick_counter_reg/C
  -------------------------------------------------------------------    -------------------
                         FDRE (Prop_fdre_C_Q)         0.147     1.151 f  i_system_wrapper/system_i/axi_spdif_tx_core/U0/TENC/cdc_sync_stage0_tick_counter_reg/Q
                         net (fo=2, unplaced)         0.136     1.287    i_system_wrapper/system_i/axi_spdif_tx_core/U0/TENC/cdc_sync_stage0_tick_counter
                         LUT1 (Prop_lut1_I0_O)        0.098     1.385 r  i_system_wrapper/system_i/axi_spdif_tx_core/U0/TENC/cdc_sync_stage0_tick_counter_i_1/O
                         net (fo=1, unplaced)         0.000     1.385    i_system_wrapper/system_i/axi_spdif_tx_core/U0/TENC/cdc_sync_stage0_tick_counter_i_1_n_0
                         FDRE                                         r  i_system_wrapper/system_i/axi_spdif_tx_core/U0/TENC/cdc_sync_stage0_tick_counter_reg/D
  -------------------------------------------------------------------    -------------------

                         (clock clk_out1_system_sys_audio_clkgen_0 rise edge)
                                                      0.000     0.000 r  
    PS7_X0Y0             PS7                          0.000     0.000 r  i_system_wrapper/system_i/sys_ps7/inst/PS7_i/FCLKCLK[1]
                         net (fo=1, unplaced)         0.355     0.355    i_system_wrapper/system_i/sys_ps7/inst/FCLK_CLK_unbuffered[1]
                         BUFG (Prop_bufg_I_O)         0.029     0.384 r  i_system_wrapper/system_i/sys_ps7/inst/buffer_fclk_clk_1.FCLK_CLK_1_BUFG/O
                         net (fo=40, unplaced)        0.259     0.643    i_system_wrapper/system_i/sys_audio_clkgen/inst/clk_in1
                         MMCME2_ADV (Prop_mmcme2_adv_CLKIN1_CLKOUT0)
                                                      0.053     0.696 r  i_system_wrapper/system_i/sys_audio_clkgen/inst/mmcm_adv_inst/CLKOUT0
                         net (fo=1, unplaced)         0.355     1.051    i_system_wrapper/system_i/sys_audio_clkgen/inst/clk_out1_system_sys_audio_clkgen_0
                         BUFG (Prop_bufg_I_O)         0.029     1.080 r  i_system_wrapper/system_i/sys_audio_clkgen/inst/clkout1_buf/O
                         net (fo=2, unplaced)         0.259     1.339    i_system_wrapper/system_i/axi_spdif_tx_core/U0/TENC/spdif_data_clk
                         FDRE                                         r  i_system_wrapper/system_i/axi_spdif_tx_core/U0/TENC/cdc_sync_stage0_tick_counter_reg/C
                         clock pessimism             -0.189     1.149    
                         FDRE (Hold_fdre_C_D)         0.099     1.248    i_system_wrapper/system_i/axi_spdif_tx_core/U0/TENC/cdc_sync_stage0_tick_counter_reg
  -------------------------------------------------------------------
                         required time                         -1.248    
                         arrival time                           1.385    
  -------------------------------------------------------------------
                         slack                                  0.137    





Pulse Width Checks
--------------------------------------------------------------------------------------
Clock Name:         clk_out1_system_sys_audio_clkgen_0
Waveform(ns):       { 0.000 40.690 }
Period(ns):         81.380
Sources:            { i_system_wrapper/system_i/sys_audio_clkgen/inst/mmcm_adv_inst/CLKOUT0 }

Check Type        Corner  Lib Pin             Reference Pin  Required(ns)  Actual(ns)  Slack(ns)  Location  Pin
Min Period        n/a     BUFG/I              n/a            2.155         81.380      79.225               i_system_wrapper/system_i/sys_audio_clkgen/inst/clkout1_buf/I
Max Period        n/a     MMCME2_ADV/CLKOUT0  n/a            213.360       81.380      131.980              i_system_wrapper/system_i/sys_audio_clkgen/inst/mmcm_adv_inst/CLKOUT0
Low Pulse Width   Slow    FDRE/C              n/a            0.500         40.690      40.190               i_system_wrapper/system_i/axi_spdif_tx_core/U0/TENC/cdc_sync_stage0_tick_counter_reg/C
High Pulse Width  Slow    FDRE/C              n/a            0.500         40.690      40.190               i_system_wrapper/system_i/axi_spdif_tx_core/U0/TENC/cdc_sync_stage0_tick_counter_reg/C



---------------------------------------------------------------------------------------------------
From Clock:  clkfbout_system_sys_audio_clkgen_0
  To Clock:  clkfbout_system_sys_audio_clkgen_0

Setup :           NA  Failing Endpoints,  Worst Slack           NA  ,  Total Violation           NA
Hold  :           NA  Failing Endpoints,  Worst Slack           NA  ,  Total Violation           NA
PW    :            0  Failing Endpoints,  Worst Slack       43.751ns,  Total Violation        0.000ns
---------------------------------------------------------------------------------------------------


Pulse Width Checks
--------------------------------------------------------------------------------------
Clock Name:         clkfbout_system_sys_audio_clkgen_0
Waveform(ns):       { 0.000 22.500 }
Period(ns):         45.000
Sources:            { i_system_wrapper/system_i/sys_audio_clkgen/inst/mmcm_adv_inst/CLKFBOUT }

Check Type  Corner  Lib Pin              Reference Pin  Required(ns)  Actual(ns)  Slack(ns)  Location  Pin
Min Period  n/a     MMCME2_ADV/CLKFBOUT  n/a            1.249         45.000      43.751               i_system_wrapper/system_i/sys_audio_clkgen/inst/mmcm_adv_inst/CLKFBOUT
Max Period  n/a     MMCME2_ADV/CLKFBIN   n/a            100.000       45.000      55.000               i_system_wrapper/system_i/sys_audio_clkgen/inst/mmcm_adv_inst/CLKFBIN



---------------------------------------------------------------------------------------------------
From Clock:  mmcm_clk_0_s
  To Clock:  mmcm_clk_0_s

Setup :            0  Failing Endpoints,  Worst Slack        0.550ns,  Total Violation        0.000ns
Hold  :            0  Failing Endpoints,  Worst Slack        0.045ns,  Total Violation        0.000ns
PW    :            0  Failing Endpoints,  Worst Slack        2.387ns,  Total Violation        0.000ns
---------------------------------------------------------------------------------------------------


Max Delay Paths
--------------------------------------------------------------------------------------
Slack (MET) :             0.550ns  (required time - arrival time)
  Source:                 i_system_wrapper/system_i/axi_hdmi_core/inst/i_up/i_xfer_cntrl/d_data_cntrl_int_reg[180]/C
                            (rising edge-triggered cell FDCE clocked by mmcm_clk_0_s  {rise@0.000ns fall@3.367ns period=6.735ns})
  Destination:            i_system_wrapper/system_i/axi_hdmi_core/inst/i_tx_core/hdmi_vs_count_reg[0]/R
                            (rising edge-triggered cell FDRE clocked by mmcm_clk_0_s  {rise@0.000ns fall@3.367ns period=6.735ns})
  Path Group:             mmcm_clk_0_s
  Path Type:              Setup (Max at Slow Process Corner)
  Requirement:            6.735ns  (mmcm_clk_0_s rise@6.735ns - mmcm_clk_0_s rise@0.000ns)
  Data Path Delay:        5.335ns  (logic 2.416ns (45.286%)  route 2.919ns (54.714%))
  Logic Levels:           6  (CARRY4=4 LUT2=1 LUT4=1)
  Clock Path Skew:        -0.145ns (DCD - SCD + CPR)
    Destination Clock Delay (DCD):    1.505ns = ( 8.240 - 6.735 ) 
    Source Clock Delay      (SCD):    1.700ns
    Clock Pessimism Removal (CPR):    0.050ns
  Clock Uncertainty:      0.147ns  ((TSJ^2 + DJ^2)^1/2) / 2 + PE
    Total System Jitter     (TSJ):    0.071ns
    Discrete Jitter          (DJ):    0.286ns
    Phase Error              (PE):    0.000ns

    Location             Delay type                Incr(ns)  Path(ns)    Netlist Resource(s)
  -------------------------------------------------------------------    -------------------
                         (clock mmcm_clk_0_s rise edge)
                                                      0.000     0.000 r  
    PS7_X0Y0             PS7                          0.000     0.000 r  i_system_wrapper/system_i/sys_ps7/inst/PS7_i/FCLKCLK[1]
                         net (fo=1, unplaced)         0.800     0.800    i_system_wrapper/system_i/sys_ps7/inst/FCLK_CLK_unbuffered[1]
                         BUFG (Prop_bufg_I_O)         0.101     0.901 r  i_system_wrapper/system_i/sys_ps7/inst/buffer_fclk_clk_1.FCLK_CLK_1_BUFG/O
                         net (fo=40, unplaced)        0.584     1.485    i_system_wrapper/system_i/axi_hdmi_clkgen/inst/i_mmcm_drp/clk
                         MMCME2_ADV (Prop_mmcme2_adv_CLKIN1_CLKOUT0)
                                                     -1.485     0.000 r  i_system_wrapper/system_i/axi_hdmi_clkgen/inst/i_mmcm_drp/i_mmcm/CLKOUT0
                         net (fo=1, unplaced)         0.800     0.800    i_system_wrapper/system_i/axi_hdmi_clkgen/inst/i_mmcm_drp/mmcm_clk_0_s
                         BUFG (Prop_bufg_I_O)         0.101     0.901 r  i_system_wrapper/system_i/axi_hdmi_clkgen/inst/i_mmcm_drp/i_clk_0_bufg/O
                         net (fo=613, unplaced)       0.800     1.700    i_system_wrapper/system_i/axi_hdmi_core/inst/i_up/i_xfer_cntrl/reference_clk
                         FDCE                                         r  i_system_wrapper/system_i/axi_hdmi_core/inst/i_up/i_xfer_cntrl/d_data_cntrl_int_reg[180]/C
  -------------------------------------------------------------------    -------------------
                         FDCE (Prop_fdce_C_Q)         0.478     2.178 r  i_system_wrapper/system_i/axi_hdmi_core/inst/i_up/i_xfer_cntrl/d_data_cntrl_int_reg[180]/Q
                         net (fo=2, unplaced)         0.657     2.835    i_system_wrapper/system_i/axi_hdmi_core/inst/i_tx_core/hdmi_16_data_e_d_reg_0[163]
                         CARRY4 (Prop_carry4_DI[3]_CO[3])
                                                      0.567     3.402 r  i_system_wrapper/system_i/axi_hdmi_core/inst/i_tx_core/hdmi_hl_width_s_carry/CO[3]
                         net (fo=1, unplaced)         0.009     3.411    i_system_wrapper/system_i/axi_hdmi_core/inst/i_tx_core/hdmi_hl_width_s_carry_n_0
                         CARRY4 (Prop_carry4_CI_CO[3])
                                                      0.117     3.528 r  i_system_wrapper/system_i/axi_hdmi_core/inst/i_tx_core/hdmi_hl_width_s_carry__0/CO[3]
                         net (fo=1, unplaced)         0.000     3.528    i_system_wrapper/system_i/axi_hdmi_core/inst/i_tx_core/hdmi_hl_width_s_carry__0_n_0
                         CARRY4 (Prop_carry4_CI_O[2])
                                                      0.256     3.784 f  i_system_wrapper/system_i/axi_hdmi_core/inst/i_tx_core/hdmi_hl_width_s_carry__1/O[2]
                         net (fo=2, unplaced)         0.433     4.217    i_system_wrapper/system_i/axi_hdmi_core/inst/i_tx_core/hdmi_hl_width_s[11]
                         LUT4 (Prop_lut4_I1_O)        0.327     4.544 r  i_system_wrapper/system_i/axi_hdmi_core/inst/i_tx_core/hdmi_hs_count0_carry__0_i_3/O
                         net (fo=1, unplaced)         0.000     4.544    i_system_wrapper/system_i/axi_hdmi_core/inst/i_tx_core/hdmi_hs_count0_carry__0_i_3_n_0
                         CARRY4 (Prop_carry4_DI[1]_CO[3])
                                                      0.547     5.091 r  i_system_wrapper/system_i/axi_hdmi_core/inst/i_tx_core/hdmi_hs_count0_carry__0/CO[3]
                         net (fo=33, unplaced)        0.990     6.081    i_system_wrapper/system_i/axi_hdmi_core/inst/i_tx_core/hdmi_hs_count0_carry__0_n_0
                         LUT2 (Prop_lut2_I1_O)        0.124     6.205 r  i_system_wrapper/system_i/axi_hdmi_core/inst/i_tx_core/hdmi_vs_count[0]_i_1/O
                         net (fo=16, unplaced)        0.830     7.035    i_system_wrapper/system_i/axi_hdmi_core/inst/i_tx_core/hdmi_vs_count
                         FDRE                                         r  i_system_wrapper/system_i/axi_hdmi_core/inst/i_tx_core/hdmi_vs_count_reg[0]/R
  -------------------------------------------------------------------    -------------------

                         (clock mmcm_clk_0_s rise edge)
                                                      6.735     6.735 r  
    PS7_X0Y0             PS7                          0.000     6.735 r  i_system_wrapper/system_i/sys_ps7/inst/PS7_i/FCLKCLK[1]
                         net (fo=1, unplaced)         0.760     7.494    i_system_wrapper/system_i/sys_ps7/inst/FCLK_CLK_unbuffered[1]
                         BUFG (Prop_bufg_I_O)         0.091     7.585 r  i_system_wrapper/system_i/sys_ps7/inst/buffer_fclk_clk_1.FCLK_CLK_1_BUFG/O
                         net (fo=40, unplaced)        0.439     8.024    i_system_wrapper/system_i/axi_hdmi_clkgen/inst/i_mmcm_drp/clk
                         MMCME2_ADV (Prop_mmcme2_adv_CLKIN1_CLKOUT0)
                                                     -1.290     6.735 r  i_system_wrapper/system_i/axi_hdmi_clkgen/inst/i_mmcm_drp/i_mmcm/CLKOUT0
                         net (fo=1, unplaced)         0.760     7.494    i_system_wrapper/system_i/axi_hdmi_clkgen/inst/i_mmcm_drp/mmcm_clk_0_s
                         BUFG (Prop_bufg_I_O)         0.091     7.585 r  i_system_wrapper/system_i/axi_hdmi_clkgen/inst/i_mmcm_drp/i_clk_0_bufg/O
                         net (fo=613, unplaced)       0.655     8.240    i_system_wrapper/system_i/axi_hdmi_core/inst/i_tx_core/reference_clk
                         FDRE                                         r  i_system_wrapper/system_i/axi_hdmi_core/inst/i_tx_core/hdmi_vs_count_reg[0]/C
                         clock pessimism              0.050     8.290    
                         clock uncertainty           -0.147     8.143    
                         FDRE (Setup_fdre_C_R)       -0.557     7.586    i_system_wrapper/system_i/axi_hdmi_core/inst/i_tx_core/hdmi_vs_count_reg[0]
  -------------------------------------------------------------------
                         required time                          7.586    
                         arrival time                          -7.035    
  -------------------------------------------------------------------
                         slack                                  0.550    





Min Delay Paths
--------------------------------------------------------------------------------------
Slack (MET) :             0.045ns  (arrival time - required time)
  Source:                 i_system_wrapper/system_i/axi_hdmi_core/inst/i_tx_core/hdmi_fs_ret_toggle_m1_reg/C
                            (rising edge-triggered cell FDCE clocked by mmcm_clk_0_s  {rise@0.000ns fall@3.367ns period=6.735ns})
  Destination:            i_system_wrapper/system_i/axi_hdmi_core/inst/i_tx_core/hdmi_fs_ret_toggle_m2_reg/D
                            (rising edge-triggered cell FDCE clocked by mmcm_clk_0_s  {rise@0.000ns fall@3.367ns period=6.735ns})
  Path Group:             mmcm_clk_0_s
  Path Type:              Hold (Min at Fast Process Corner)
  Requirement:            0.000ns  (mmcm_clk_0_s rise@0.000ns - mmcm_clk_0_s rise@0.000ns)
  Data Path Delay:        0.228ns  (logic 0.147ns (64.493%)  route 0.081ns (35.507%))
  Logic Levels:           0  
  Clock Path Skew:        0.145ns (DCD - SCD - CPR)
    Destination Clock Delay (DCD):    0.739ns
    Source Clock Delay      (SCD):    0.573ns
    Clock Pessimism Removal (CPR):    0.021ns

    Location             Delay type                Incr(ns)  Path(ns)    Netlist Resource(s)
  -------------------------------------------------------------------    -------------------
                         (clock mmcm_clk_0_s rise edge)
                                                      0.000     0.000 r  
    PS7_X0Y0             PS7                          0.000     0.000 r  i_system_wrapper/system_i/sys_ps7/inst/PS7_i/FCLKCLK[1]
                         net (fo=1, unplaced)         0.337     0.337    i_system_wrapper/system_i/sys_ps7/inst/FCLK_CLK_unbuffered[1]
                         BUFG (Prop_bufg_I_O)         0.026     0.363 r  i_system_wrapper/system_i/sys_ps7/inst/buffer_fclk_clk_1.FCLK_CLK_1_BUFG/O
                         net (fo=40, unplaced)        0.114     0.477    i_system_wrapper/system_i/axi_hdmi_clkgen/inst/i_mmcm_drp/clk
                         MMCME2_ADV (Prop_mmcme2_adv_CLKIN1_CLKOUT0)
                                                     -0.477     0.000 r  i_system_wrapper/system_i/axi_hdmi_clkgen/inst/i_mmcm_drp/i_mmcm/CLKOUT0
                         net (fo=1, unplaced)         0.337     0.337    i_system_wrapper/system_i/axi_hdmi_clkgen/inst/i_mmcm_drp/mmcm_clk_0_s
                         BUFG (Prop_bufg_I_O)         0.026     0.363 r  i_system_wrapper/system_i/axi_hdmi_clkgen/inst/i_mmcm_drp/i_clk_0_bufg/O
                         net (fo=613, unplaced)       0.210     0.573    i_system_wrapper/system_i/axi_hdmi_core/inst/i_tx_core/reference_clk
                         FDCE                                         r  i_system_wrapper/system_i/axi_hdmi_core/inst/i_tx_core/hdmi_fs_ret_toggle_m1_reg/C
  -------------------------------------------------------------------    -------------------
                         FDCE (Prop_fdce_C_Q)         0.147     0.720 r  i_system_wrapper/system_i/axi_hdmi_core/inst/i_tx_core/hdmi_fs_ret_toggle_m1_reg/Q
                         net (fo=1, unplaced)         0.081     0.801    i_system_wrapper/system_i/axi_hdmi_core/inst/i_tx_core/hdmi_fs_ret_toggle_m1
                         FDCE                                         r  i_system_wrapper/system_i/axi_hdmi_core/inst/i_tx_core/hdmi_fs_ret_toggle_m2_reg/D
  -------------------------------------------------------------------    -------------------

                         (clock mmcm_clk_0_s rise edge)
                                                      0.000     0.000 r  
    PS7_X0Y0             PS7                          0.000     0.000 r  i_system_wrapper/system_i/sys_ps7/inst/PS7_i/FCLKCLK[1]
                         net (fo=1, unplaced)         0.355     0.355    i_system_wrapper/system_i/sys_ps7/inst/FCLK_CLK_unbuffered[1]
                         BUFG (Prop_bufg_I_O)         0.029     0.384 r  i_system_wrapper/system_i/sys_ps7/inst/buffer_fclk_clk_1.FCLK_CLK_1_BUFG/O
                         net (fo=40, unplaced)        0.259     0.643    i_system_wrapper/system_i/axi_hdmi_clkgen/inst/i_mmcm_drp/clk
                         MMCME2_ADV (Prop_mmcme2_adv_CLKIN1_CLKOUT0)
                                                     -0.643     0.000 r  i_system_wrapper/system_i/axi_hdmi_clkgen/inst/i_mmcm_drp/i_mmcm/CLKOUT0
                         net (fo=1, unplaced)         0.355     0.355    i_system_wrapper/system_i/axi_hdmi_clkgen/inst/i_mmcm_drp/mmcm_clk_0_s
                         BUFG (Prop_bufg_I_O)         0.029     0.384 r  i_system_wrapper/system_i/axi_hdmi_clkgen/inst/i_mmcm_drp/i_clk_0_bufg/O
                         net (fo=613, unplaced)       0.355     0.739    i_system_wrapper/system_i/axi_hdmi_core/inst/i_tx_core/reference_clk
                         FDCE                                         r  i_system_wrapper/system_i/axi_hdmi_core/inst/i_tx_core/hdmi_fs_ret_toggle_m2_reg/C
                         clock pessimism             -0.021     0.718    
                         FDCE (Hold_fdce_C_D)         0.038     0.756    i_system_wrapper/system_i/axi_hdmi_core/inst/i_tx_core/hdmi_fs_ret_toggle_m2_reg
  -------------------------------------------------------------------
                         required time                         -0.756    
                         arrival time                           0.801    
  -------------------------------------------------------------------
                         slack                                  0.045    





Pulse Width Checks
--------------------------------------------------------------------------------------
Clock Name:         mmcm_clk_0_s
Waveform(ns):       { 0.000 3.367 }
Period(ns):         6.735
Sources:            { i_system_wrapper/system_i/axi_hdmi_clkgen/inst/i_mmcm_drp/i_mmcm/CLKOUT0 }

Check Type        Corner  Lib Pin             Reference Pin  Required(ns)  Actual(ns)  Slack(ns)  Location  Pin
Min Period        n/a     RAMB36E1/CLKARDCLK  n/a            2.576         6.735       4.159                i_system_wrapper/system_i/axi_hdmi_core/inst/i_tx_core/i_mem/m_ram_reg/CLKARDCLK
Max Period        n/a     MMCME2_ADV/CLKOUT0  n/a            213.360       6.735       206.625              i_system_wrapper/system_i/axi_hdmi_clkgen/inst/i_mmcm_drp/i_mmcm/CLKOUT0
Low Pulse Width   Slow    SRL16E/CLK          n/a            0.980         3.367       2.387                i_system_wrapper/system_i/axi_hdmi_core/inst/i_tx_core/hdmi_hs_2d_reg_srl3/CLK
High Pulse Width  Slow    SRL16E/CLK          n/a            0.980         3.367       2.387                i_system_wrapper/system_i/axi_hdmi_core/inst/i_tx_core/hdmi_hs_2d_reg_srl3/CLK



---------------------------------------------------------------------------------------------------
From Clock:  mmcm_clk_1_s
  To Clock:  mmcm_clk_1_s

Setup :           NA  Failing Endpoints,  Worst Slack           NA  ,  Total Violation           NA
Hold  :           NA  Failing Endpoints,  Worst Slack           NA  ,  Total Violation           NA
PW    :            0  Failing Endpoints,  Worst Slack        4.579ns,  Total Violation        0.000ns
---------------------------------------------------------------------------------------------------


Pulse Width Checks
--------------------------------------------------------------------------------------
Clock Name:         mmcm_clk_1_s
Waveform(ns):       { 0.000 3.367 }
Period(ns):         6.735
Sources:            { i_system_wrapper/system_i/axi_hdmi_clkgen/inst/i_mmcm_drp/i_mmcm/CLKOUT1 }

Check Type  Corner  Lib Pin             Reference Pin  Required(ns)  Actual(ns)  Slack(ns)  Location  Pin
Min Period  n/a     BUFG/I              n/a            2.155         6.735       4.579                i_system_wrapper/system_i/axi_hdmi_clkgen/inst/i_mmcm_drp/i_clk_1_bufg/I
Max Period  n/a     MMCME2_ADV/CLKOUT1  n/a            213.360       6.735       206.625              i_system_wrapper/system_i/axi_hdmi_clkgen/inst/i_mmcm_drp/i_mmcm/CLKOUT1



---------------------------------------------------------------------------------------------------
From Clock:  mmcm_clk_2_s
  To Clock:  mmcm_clk_2_s

Setup :           NA  Failing Endpoints,  Worst Slack           NA  ,  Total Violation           NA
Hold  :           NA  Failing Endpoints,  Worst Slack           NA  ,  Total Violation           NA
PW    :            0  Failing Endpoints,  Worst Slack        0.090ns,  Total Violation        0.000ns
---------------------------------------------------------------------------------------------------


Pulse Width Checks
--------------------------------------------------------------------------------------
Clock Name:         mmcm_clk_2_s
Waveform(ns):       { 0.000 1.122 }
Period(ns):         2.245
Sources:            { i_system_wrapper/system_i/axi_hdmi_clkgen/inst/i_mmcm_drp/i_mmcm/CLKOUT2 }

Check Type  Corner  Lib Pin             Reference Pin  Required(ns)  Actual(ns)  Slack(ns)  Location  Pin
Min Period  n/a     BUFG/I              n/a            2.155         2.245       0.090                i_system_wrapper/system_i/axi_hdmi_clkgen/inst/i_mmcm_drp/i_clk_2_bufg/I
Max Period  n/a     MMCME2_ADV/CLKOUT2  n/a            213.360       2.245       211.115              i_system_wrapper/system_i/axi_hdmi_clkgen/inst/i_mmcm_drp/i_mmcm/CLKOUT2



---------------------------------------------------------------------------------------------------
From Clock:  mmcm_fb_clk_s
  To Clock:  mmcm_fb_clk_s

Setup :           NA  Failing Endpoints,  Worst Slack           NA  ,  Total Violation           NA
Hold  :           NA  Failing Endpoints,  Worst Slack           NA  ,  Total Violation           NA
PW    :            0  Failing Endpoints,  Worst Slack       45.000ns,  Total Violation        0.000ns
---------------------------------------------------------------------------------------------------


Pulse Width Checks
--------------------------------------------------------------------------------------
Clock Name:         mmcm_fb_clk_s
Waveform(ns):       { 0.000 27.500 }
Period(ns):         55.000
Sources:            { i_system_wrapper/system_i/axi_hdmi_clkgen/inst/i_mmcm_drp/i_mmcm/CLKFBOUT }

Check Type  Corner  Lib Pin             Reference Pin  Required(ns)  Actual(ns)  Slack(ns)  Location  Pin
Min Period  n/a     BUFG/I              n/a            2.155         55.000      52.845               i_system_wrapper/system_i/axi_hdmi_clkgen/inst/i_mmcm_drp/i_fb_clk_bufg/I
Max Period  n/a     MMCME2_ADV/CLKFBIN  n/a            100.000       55.000      45.000               i_system_wrapper/system_i/axi_hdmi_clkgen/inst/i_mmcm_drp/i_mmcm/CLKFBIN



---------------------------------------------------------------------------------------------------
Path Group:  **async_default**
From Clock:  clk_fpga_0
  To Clock:  clk_fpga_0

Setup :            0  Failing Endpoints,  Worst Slack        7.214ns,  Total Violation        0.000ns
Hold  :            0  Failing Endpoints,  Worst Slack        0.299ns,  Total Violation        0.000ns
---------------------------------------------------------------------------------------------------


Max Delay Paths
--------------------------------------------------------------------------------------
Slack (MET) :             7.214ns  (required time - arrival time)
  Source:                 i_system_wrapper/system_i/sys_rstgen/U0/ACTIVE_LOW_PR_OUT_DFF[0].FDRE_PER_N/C
                            (rising edge-triggered cell FDRE clocked by clk_fpga_0  {rise@0.000ns fall@5.000ns period=10.000ns})
  Destination:            i_system_wrapper/system_i/axi_hdmi_core/inst/i_up/up_clip_max_reg[11]/PRE
                            (recovery check against rising-edge clock clk_fpga_0  {rise@0.000ns fall@5.000ns period=10.000ns})
  Path Group:             **async_default**
  Path Type:              Recovery (Max at Slow Process Corner)
  Requirement:            10.000ns  (clk_fpga_0 rise@10.000ns - clk_fpga_0 rise@0.000ns)
  Data Path Delay:        2.093ns  (logic 0.773ns (36.933%)  route 1.320ns (63.067%))
  Logic Levels:           1  (LUT1=1)
  Clock Path Skew:        -0.145ns (DCD - SCD + CPR)
    Destination Clock Delay (DCD):    1.505ns = ( 11.505 - 10.000 ) 
    Source Clock Delay      (SCD):    1.700ns
    Clock Pessimism Removal (CPR):    0.050ns
  Clock Uncertainty:      0.154ns  ((TSJ^2 + TIJ^2)^1/2 + DJ) / 2 + PE
    Total System Jitter     (TSJ):    0.071ns
    Total Input Jitter      (TIJ):    0.300ns
    Discrete Jitter          (DJ):    0.000ns
    Phase Error              (PE):    0.000ns

    Location             Delay type                Incr(ns)  Path(ns)    Netlist Resource(s)
  -------------------------------------------------------------------    -------------------
                         (clock clk_fpga_0 rise edge)
                                                      0.000     0.000 r  
    PS7_X0Y0             PS7                          0.000     0.000 r  i_system_wrapper/system_i/sys_ps7/inst/PS7_i/FCLKCLK[0]
                         net (fo=1, unplaced)         0.800     0.800    i_system_wrapper/system_i/sys_ps7/inst/FCLK_CLK_unbuffered[0]
                         BUFG (Prop_bufg_I_O)         0.101     0.901 r  i_system_wrapper/system_i/sys_ps7/inst/buffer_fclk_clk_0.FCLK_CLK_0_BUFG/O
                         net (fo=4585, unplaced)      0.800     1.700    i_system_wrapper/system_i/sys_rstgen/U0/slowest_sync_clk
                         FDRE                                         r  i_system_wrapper/system_i/sys_rstgen/U0/ACTIVE_LOW_PR_OUT_DFF[0].FDRE_PER_N/C
  -------------------------------------------------------------------    -------------------
                         FDRE (Prop_fdre_C_Q)         0.478     2.178 r  i_system_wrapper/system_i/sys_rstgen/U0/ACTIVE_LOW_PR_OUT_DFF[0].FDRE_PER_N/Q
                         net (fo=78, unplaced)        0.404     2.582    i_system_wrapper/system_i/axi_hdmi_core/inst/i_up/i_xfer_cntrl/s_axi_aresetn
                         LUT1 (Prop_lut1_I0_O)        0.295     2.877 f  i_system_wrapper/system_i/axi_hdmi_core/inst/i_up/i_xfer_cntrl/up_axi_awready_int_i_1/O
                         net (fo=638, unplaced)       0.916     3.793    i_system_wrapper/system_i/axi_hdmi_core/inst/i_up/p_0_in
                         FDPE                                         f  i_system_wrapper/system_i/axi_hdmi_core/inst/i_up/up_clip_max_reg[11]/PRE
  -------------------------------------------------------------------    -------------------

                         (clock clk_fpga_0 rise edge)
                                                     10.000    10.000 r  
    PS7_X0Y0             PS7                          0.000    10.000 r  i_system_wrapper/system_i/sys_ps7/inst/PS7_i/FCLKCLK[0]
                         net (fo=1, unplaced)         0.760    10.760    i_system_wrapper/system_i/sys_ps7/inst/FCLK_CLK_unbuffered[0]
                         BUFG (Prop_bufg_I_O)         0.091    10.851 r  i_system_wrapper/system_i/sys_ps7/inst/buffer_fclk_clk_0.FCLK_CLK_0_BUFG/O
                         net (fo=4585, unplaced)      0.655    11.505    i_system_wrapper/system_i/axi_hdmi_core/inst/i_up/s_axi_aclk
                         FDPE                                         r  i_system_wrapper/system_i/axi_hdmi_core/inst/i_up/up_clip_max_reg[11]/C
                         clock pessimism              0.050    11.555    
                         clock uncertainty           -0.154    11.401    
                         FDPE (Recov_fdpe_C_PRE)     -0.394    11.007    i_system_wrapper/system_i/axi_hdmi_core/inst/i_up/up_clip_max_reg[11]
  -------------------------------------------------------------------
                         required time                         11.007    
                         arrival time                          -3.793    
  -------------------------------------------------------------------
                         slack                                  7.214    





Min Delay Paths
--------------------------------------------------------------------------------------
Slack (MET) :             0.299ns  (arrival time - required time)
  Source:                 i_system_wrapper/system_i/axi_hdmi_clkgen/inst/i_up_clkgen/up_mmcm_preset_reg/C
                            (rising edge-triggered cell FDPE clocked by clk_fpga_0  {rise@0.000ns fall@5.000ns period=10.000ns})
  Destination:            i_system_wrapper/system_i/axi_hdmi_clkgen/inst/i_up_clkgen/i_mmcm_rst_reg/rst_async_d1_reg/PRE
                            (removal check against rising-edge clock clk_fpga_0  {rise@0.000ns fall@5.000ns period=10.000ns})
  Path Group:             **async_default**
  Path Type:              Removal (Min at Fast Process Corner)
  Requirement:            0.000ns  (clk_fpga_0 rise@0.000ns - clk_fpga_0 rise@0.000ns)
  Data Path Delay:        0.299ns  (logic 0.147ns (49.136%)  route 0.152ns (50.864%))
  Logic Levels:           0  
  Clock Path Skew:        0.145ns (DCD - SCD - CPR)
    Destination Clock Delay (DCD):    0.739ns
    Source Clock Delay      (SCD):    0.573ns
    Clock Pessimism Removal (CPR):    0.021ns

    Location             Delay type                Incr(ns)  Path(ns)    Netlist Resource(s)
  -------------------------------------------------------------------    -------------------
                         (clock clk_fpga_0 rise edge)
                                                      0.000     0.000 r  
    PS7_X0Y0             PS7                          0.000     0.000 r  i_system_wrapper/system_i/sys_ps7/inst/PS7_i/FCLKCLK[0]
                         net (fo=1, unplaced)         0.337     0.337    i_system_wrapper/system_i/sys_ps7/inst/FCLK_CLK_unbuffered[0]
                         BUFG (Prop_bufg_I_O)         0.026     0.363 r  i_system_wrapper/system_i/sys_ps7/inst/buffer_fclk_clk_0.FCLK_CLK_0_BUFG/O
                         net (fo=4585, unplaced)      0.210     0.573    i_system_wrapper/system_i/axi_hdmi_clkgen/inst/i_up_clkgen/s_axi_aclk
                         FDPE                                         r  i_system_wrapper/system_i/axi_hdmi_clkgen/inst/i_up_clkgen/up_mmcm_preset_reg/C
  -------------------------------------------------------------------    -------------------
                         FDPE (Prop_fdpe_C_Q)         0.147     0.720 f  i_system_wrapper/system_i/axi_hdmi_clkgen/inst/i_up_clkgen/up_mmcm_preset_reg/Q
                         net (fo=3, unplaced)         0.152     0.872    i_system_wrapper/system_i/axi_hdmi_clkgen/inst/i_up_clkgen/i_mmcm_rst_reg/up_mmcm_preset
                         FDPE                                         f  i_system_wrapper/system_i/axi_hdmi_clkgen/inst/i_up_clkgen/i_mmcm_rst_reg/rst_async_d1_reg/PRE
  -------------------------------------------------------------------    -------------------

                         (clock clk_fpga_0 rise edge)
                                                      0.000     0.000 r  
    PS7_X0Y0             PS7                          0.000     0.000 r  i_system_wrapper/system_i/sys_ps7/inst/PS7_i/FCLKCLK[0]
                         net (fo=1, unplaced)         0.355     0.355    i_system_wrapper/system_i/sys_ps7/inst/FCLK_CLK_unbuffered[0]
                         BUFG (Prop_bufg_I_O)         0.029     0.384 r  i_system_wrapper/system_i/sys_ps7/inst/buffer_fclk_clk_0.FCLK_CLK_0_BUFG/O
                         net (fo=4585, unplaced)      0.355     0.739    i_system_wrapper/system_i/axi_hdmi_clkgen/inst/i_up_clkgen/i_mmcm_rst_reg/s_axi_aclk
                         FDPE                                         r  i_system_wrapper/system_i/axi_hdmi_clkgen/inst/i_up_clkgen/i_mmcm_rst_reg/rst_async_d1_reg/C
                         clock pessimism             -0.021     0.718    
                         FDPE (Remov_fdpe_C_PRE)     -0.145     0.573    i_system_wrapper/system_i/axi_hdmi_clkgen/inst/i_up_clkgen/i_mmcm_rst_reg/rst_async_d1_reg
  -------------------------------------------------------------------
                         required time                         -0.573    
                         arrival time                           0.872    
  -------------------------------------------------------------------
                         slack                                  0.299    





---------------------------------------------------------------------------------------------------
Path Group:  **async_default**
From Clock:  mmcm_clk_0_s
  To Clock:  mmcm_clk_0_s

Setup :            0  Failing Endpoints,  Worst Slack        4.976ns,  Total Violation        0.000ns
Hold  :            0  Failing Endpoints,  Worst Slack        0.339ns,  Total Violation        0.000ns
---------------------------------------------------------------------------------------------------


Max Delay Paths
--------------------------------------------------------------------------------------
Slack (MET) :             4.976ns  (required time - arrival time)
  Source:                 i_system_wrapper/system_i/axi_hdmi_core/inst/i_up/i_core_rst_reg/rst_reg/C
                            (rising edge-triggered cell FDRE clocked by mmcm_clk_0_s  {rise@0.000ns fall@3.367ns period=6.735ns})
  Destination:            i_system_wrapper/system_i/axi_hdmi_core/inst/i_tx_core/hdmi_fs_ret_toggle_m1_reg/CLR
                            (recovery check against rising-edge clock mmcm_clk_0_s  {rise@0.000ns fall@3.367ns period=6.735ns})
  Path Group:             **async_default**
  Path Type:              Recovery (Max at Slow Process Corner)
  Requirement:            6.735ns  (mmcm_clk_0_s rise@6.735ns - mmcm_clk_0_s rise@0.000ns)
  Data Path Delay:        0.943ns  (logic 0.478ns (50.689%)  route 0.465ns (49.311%))
  Logic Levels:           0  
  Clock Path Skew:        -0.145ns (DCD - SCD + CPR)
    Destination Clock Delay (DCD):    1.505ns = ( 8.240 - 6.735 ) 
    Source Clock Delay      (SCD):    1.700ns
    Clock Pessimism Removal (CPR):    0.050ns
  Clock Uncertainty:      0.147ns  ((TSJ^2 + DJ^2)^1/2) / 2 + PE
    Total System Jitter     (TSJ):    0.071ns
    Discrete Jitter          (DJ):    0.286ns
    Phase Error              (PE):    0.000ns

    Location             Delay type                Incr(ns)  Path(ns)    Netlist Resource(s)
  -------------------------------------------------------------------    -------------------
                         (clock mmcm_clk_0_s rise edge)
                                                      0.000     0.000 r  
    PS7_X0Y0             PS7                          0.000     0.000 r  i_system_wrapper/system_i/sys_ps7/inst/PS7_i/FCLKCLK[1]
                         net (fo=1, unplaced)         0.800     0.800    i_system_wrapper/system_i/sys_ps7/inst/FCLK_CLK_unbuffered[1]
                         BUFG (Prop_bufg_I_O)         0.101     0.901 r  i_system_wrapper/system_i/sys_ps7/inst/buffer_fclk_clk_1.FCLK_CLK_1_BUFG/O
                         net (fo=40, unplaced)        0.584     1.485    i_system_wrapper/system_i/axi_hdmi_clkgen/inst/i_mmcm_drp/clk
                         MMCME2_ADV (Prop_mmcme2_adv_CLKIN1_CLKOUT0)
                                                     -1.485     0.000 r  i_system_wrapper/system_i/axi_hdmi_clkgen/inst/i_mmcm_drp/i_mmcm/CLKOUT0
                         net (fo=1, unplaced)         0.800     0.800    i_system_wrapper/system_i/axi_hdmi_clkgen/inst/i_mmcm_drp/mmcm_clk_0_s
                         BUFG (Prop_bufg_I_O)         0.101     0.901 r  i_system_wrapper/system_i/axi_hdmi_clkgen/inst/i_mmcm_drp/i_clk_0_bufg/O
                         net (fo=613, unplaced)       0.800     1.700    i_system_wrapper/system_i/axi_hdmi_core/inst/i_up/i_core_rst_reg/reference_clk
                         FDRE                                         r  i_system_wrapper/system_i/axi_hdmi_core/inst/i_up/i_core_rst_reg/rst_reg/C
  -------------------------------------------------------------------    -------------------
                         FDRE (Prop_fdre_C_Q)         0.478     2.178 f  i_system_wrapper/system_i/axi_hdmi_core/inst/i_up/i_core_rst_reg/rst_reg/Q
                         net (fo=243, unplaced)       0.465     2.643    i_system_wrapper/system_i/axi_hdmi_core/inst/i_tx_core/reference_rst
                         FDCE                                         f  i_system_wrapper/system_i/axi_hdmi_core/inst/i_tx_core/hdmi_fs_ret_toggle_m1_reg/CLR
  -------------------------------------------------------------------    -------------------

                         (clock mmcm_clk_0_s rise edge)
                                                      6.735     6.735 r  
    PS7_X0Y0             PS7                          0.000     6.735 r  i_system_wrapper/system_i/sys_ps7/inst/PS7_i/FCLKCLK[1]
                         net (fo=1, unplaced)         0.760     7.494    i_system_wrapper/system_i/sys_ps7/inst/FCLK_CLK_unbuffered[1]
                         BUFG (Prop_bufg_I_O)         0.091     7.585 r  i_system_wrapper/system_i/sys_ps7/inst/buffer_fclk_clk_1.FCLK_CLK_1_BUFG/O
                         net (fo=40, unplaced)        0.439     8.024    i_system_wrapper/system_i/axi_hdmi_clkgen/inst/i_mmcm_drp/clk
                         MMCME2_ADV (Prop_mmcme2_adv_CLKIN1_CLKOUT0)
                                                     -1.290     6.735 r  i_system_wrapper/system_i/axi_hdmi_clkgen/inst/i_mmcm_drp/i_mmcm/CLKOUT0
                         net (fo=1, unplaced)         0.760     7.494    i_system_wrapper/system_i/axi_hdmi_clkgen/inst/i_mmcm_drp/mmcm_clk_0_s
                         BUFG (Prop_bufg_I_O)         0.091     7.585 r  i_system_wrapper/system_i/axi_hdmi_clkgen/inst/i_mmcm_drp/i_clk_0_bufg/O
                         net (fo=613, unplaced)       0.655     8.240    i_system_wrapper/system_i/axi_hdmi_core/inst/i_tx_core/reference_clk
                         FDCE                                         r  i_system_wrapper/system_i/axi_hdmi_core/inst/i_tx_core/hdmi_fs_ret_toggle_m1_reg/C
                         clock pessimism              0.050     8.290    
                         clock uncertainty           -0.147     8.143    
                         FDCE (Recov_fdce_C_CLR)     -0.523     7.620    i_system_wrapper/system_i/axi_hdmi_core/inst/i_tx_core/hdmi_fs_ret_toggle_m1_reg
  -------------------------------------------------------------------
                         required time                          7.620    
                         arrival time                          -2.643    
  -------------------------------------------------------------------
                         slack                                  4.976    





Min Delay Paths
--------------------------------------------------------------------------------------
Slack (MET) :             0.339ns  (arrival time - required time)
  Source:                 i_system_wrapper/system_i/axi_hdmi_core/inst/i_up/i_core_rst_reg/rst_reg/C
                            (rising edge-triggered cell FDRE clocked by mmcm_clk_0_s  {rise@0.000ns fall@3.367ns period=6.735ns})
  Destination:            i_system_wrapper/system_i/axi_hdmi_core/inst/i_tx_core/hdmi_fs_ret_toggle_m1_reg/CLR
                            (removal check against rising-edge clock mmcm_clk_0_s  {rise@0.000ns fall@3.367ns period=6.735ns})
  Path Group:             **async_default**
  Path Type:              Removal (Min at Fast Process Corner)
  Requirement:            0.000ns  (mmcm_clk_0_s rise@0.000ns - mmcm_clk_0_s rise@0.000ns)
  Data Path Delay:        0.343ns  (logic 0.147ns (42.856%)  route 0.196ns (57.144%))
  Logic Levels:           0  
  Clock Path Skew:        0.145ns (DCD - SCD - CPR)
    Destination Clock Delay (DCD):    0.739ns
    Source Clock Delay      (SCD):    0.573ns
    Clock Pessimism Removal (CPR):    0.021ns

    Location             Delay type                Incr(ns)  Path(ns)    Netlist Resource(s)
  -------------------------------------------------------------------    -------------------
                         (clock mmcm_clk_0_s rise edge)
                                                      0.000     0.000 r  
    PS7_X0Y0             PS7                          0.000     0.000 r  i_system_wrapper/system_i/sys_ps7/inst/PS7_i/FCLKCLK[1]
                         net (fo=1, unplaced)         0.337     0.337    i_system_wrapper/system_i/sys_ps7/inst/FCLK_CLK_unbuffered[1]
                         BUFG (Prop_bufg_I_O)         0.026     0.363 r  i_system_wrapper/system_i/sys_ps7/inst/buffer_fclk_clk_1.FCLK_CLK_1_BUFG/O
                         net (fo=40, unplaced)        0.114     0.477    i_system_wrapper/system_i/axi_hdmi_clkgen/inst/i_mmcm_drp/clk
                         MMCME2_ADV (Prop_mmcme2_adv_CLKIN1_CLKOUT0)
                                                     -0.477     0.000 r  i_system_wrapper/system_i/axi_hdmi_clkgen/inst/i_mmcm_drp/i_mmcm/CLKOUT0
                         net (fo=1, unplaced)         0.337     0.337    i_system_wrapper/system_i/axi_hdmi_clkgen/inst/i_mmcm_drp/mmcm_clk_0_s
                         BUFG (Prop_bufg_I_O)         0.026     0.363 r  i_system_wrapper/system_i/axi_hdmi_clkgen/inst/i_mmcm_drp/i_clk_0_bufg/O
                         net (fo=613, unplaced)       0.210     0.573    i_system_wrapper/system_i/axi_hdmi_core/inst/i_up/i_core_rst_reg/reference_clk
                         FDRE                                         r  i_system_wrapper/system_i/axi_hdmi_core/inst/i_up/i_core_rst_reg/rst_reg/C
  -------------------------------------------------------------------    -------------------
                         FDRE (Prop_fdre_C_Q)         0.147     0.720 f  i_system_wrapper/system_i/axi_hdmi_core/inst/i_up/i_core_rst_reg/rst_reg/Q
                         net (fo=243, unplaced)       0.196     0.916    i_system_wrapper/system_i/axi_hdmi_core/inst/i_tx_core/reference_rst
                         FDCE                                         f  i_system_wrapper/system_i/axi_hdmi_core/inst/i_tx_core/hdmi_fs_ret_toggle_m1_reg/CLR
  -------------------------------------------------------------------    -------------------

                         (clock mmcm_clk_0_s rise edge)
                                                      0.000     0.000 r  
    PS7_X0Y0             PS7                          0.000     0.000 r  i_system_wrapper/system_i/sys_ps7/inst/PS7_i/FCLKCLK[1]
                         net (fo=1, unplaced)         0.355     0.355    i_system_wrapper/system_i/sys_ps7/inst/FCLK_CLK_unbuffered[1]
                         BUFG (Prop_bufg_I_O)         0.029     0.384 r  i_system_wrapper/system_i/sys_ps7/inst/buffer_fclk_clk_1.FCLK_CLK_1_BUFG/O
                         net (fo=40, unplaced)        0.259     0.643    i_system_wrapper/system_i/axi_hdmi_clkgen/inst/i_mmcm_drp/clk
                         MMCME2_ADV (Prop_mmcme2_adv_CLKIN1_CLKOUT0)
                                                     -0.643     0.000 r  i_system_wrapper/system_i/axi_hdmi_clkgen/inst/i_mmcm_drp/i_mmcm/CLKOUT0
                         net (fo=1, unplaced)         0.355     0.355    i_system_wrapper/system_i/axi_hdmi_clkgen/inst/i_mmcm_drp/mmcm_clk_0_s
                         BUFG (Prop_bufg_I_O)         0.029     0.384 r  i_system_wrapper/system_i/axi_hdmi_clkgen/inst/i_mmcm_drp/i_clk_0_bufg/O
                         net (fo=613, unplaced)       0.355     0.739    i_system_wrapper/system_i/axi_hdmi_core/inst/i_tx_core/reference_clk
                         FDCE                                         r  i_system_wrapper/system_i/axi_hdmi_core/inst/i_tx_core/hdmi_fs_ret_toggle_m1_reg/C
                         clock pessimism             -0.021     0.718    
                         FDCE (Remov_fdce_C_CLR)     -0.141     0.577    i_system_wrapper/system_i/axi_hdmi_core/inst/i_tx_core/hdmi_fs_ret_toggle_m1_reg
  -------------------------------------------------------------------
                         required time                         -0.577    
                         arrival time                           0.916    
  -------------------------------------------------------------------
                         slack                                  0.339    





