Copyright 1986-2021 Xilinx, Inc. All Rights Reserved.
----------------------------------------------------------------------------------------
| Tool Version : Vivado v.2021.1 (lin64) Build 3247384 Thu Jun 10 19:36:07 MDT 2021
| Date         : Mon Jul  8 17:04:20 2024
| Host         : Griffon running 64-bit Ubuntu 22.04.4 LTS
| Command      : report_clock_utilization -file system_top_clock_utilization_routed.rpt
| Design       : system_top
| Device       : 7z020-clg484
| Speed File   : -1  PRODUCTION 1.12 2019-11-22
| Design State : Routed
----------------------------------------------------------------------------------------

Clock Utilization Report

Table of Contents
-----------------
1. Clock Primitive Utilization
2. Global Clock Resources
3. Global Clock Source Details
4. Clock Regions: Key Resource Utilization
5. Clock Regions : Global Clock Summary
6. Device Cell Placement Summary for Global Clock g0
7. Device Cell Placement Summary for Global Clock g1
8. Device Cell Placement Summary for Global Clock g2
9. Device Cell Placement Summary for Global Clock g3
10. Device Cell Placement Summary for Global Clock g4
11. Device Cell Placement Summary for Global Clock g5
12. Clock Region Cell Placement per Global Clock: Region X0Y0
13. Clock Region Cell Placement per Global Clock: Region X1Y0
14. Clock Region Cell Placement per Global Clock: Region X0Y1
15. Clock Region Cell Placement per Global Clock: Region X1Y1
16. Clock Region Cell Placement per Global Clock: Region X0Y2
17. Clock Region Cell Placement per Global Clock: Region X1Y2

1. Clock Primitive Utilization
------------------------------

+----------+------+-----------+-----+--------------+--------+
| Type     | Used | Available | LOC | Clock Region | Pblock |
+----------+------+-----------+-----+--------------+--------+
| BUFGCTRL |    6 |        32 |   0 |            0 |      0 |
| BUFH     |    0 |        72 |   0 |            0 |      0 |
| BUFIO    |    0 |        16 |   0 |            0 |      0 |
| BUFMR    |    0 |         8 |   0 |            0 |      0 |
| BUFR     |    0 |        16 |   0 |            0 |      0 |
| MMCM     |    2 |         4 |   0 |            0 |      0 |
| PLL      |    0 |         4 |   0 |            0 |      0 |
+----------+------+-----------+-----+--------------+--------+


2. Global Clock Resources
-------------------------

+-----------+-----------+-----------------+------------+----------------+--------------+-------------------+-------------+-----------------+--------------+--------------------------------------------------------------------------------------------+----------------------------------------------------------------------------+-------------------------------------------------------------------------+
| Global Id | Source Id | Driver Type/Pin | Constraint | Site           | Clock Region | Load Clock Region | Clock Loads | Non-Clock Loads | Clock Period | Clock                                                                                      | Driver Pin                                                                 | Net                                                                     |
+-----------+-----------+-----------------+------------+----------------+--------------+-------------------+-------------+-----------------+--------------+--------------------------------------------------------------------------------------------+----------------------------------------------------------------------------+-------------------------------------------------------------------------+
| g0        | src0      | BUFG/O          | None       | BUFGCTRL_X0Y16 | n/a          |                 6 |       42064 |               0 |        5.000 | clk_fpga_1                                                                                 | i_system_wrapper/system_i/sys_ps7/inst/buffer_fclk_clk_1.FCLK_CLK_1_BUFG/O | i_system_wrapper/system_i/sys_ps7/inst/FCLK_CLK1                        |
| g1        | src1      | BUFG/O          | None       | BUFGCTRL_X0Y17 | n/a          |                 3 |        4211 |               0 |       10.000 | clk_fpga_0                                                                                 | i_system_wrapper/system_i/sys_ps7/inst/buffer_fclk_clk_0.FCLK_CLK_0_BUFG/O | i_system_wrapper/system_i/sys_ps7/inst/FCLK_CLK0                        |
| g2        | src2      | BUFG/O          | None       | BUFGCTRL_X0Y0  | n/a          |                 3 |         661 |               0 |        6.735 | mmcm_clk_0_s                                                                               | i_system_wrapper/system_i/axi_hdmi_clkgen/inst/i_mmcm_drp/i_clk_0_bufg/O   | i_system_wrapper/system_i/axi_hdmi_clkgen/inst/i_mmcm_drp/mmcm_clk_0    |
| g3        | src3      | BUFG/O          | None       | BUFGCTRL_X0Y1  | n/a          |                 4 |         473 |               0 |       33.000 | dbg_hub/inst/BSCANID.u_xsdbm_id/SWITCH_N_EXT_BSCAN.bscan_inst/SERIES7_BSCAN.bscan_inst/TCK | dbg_hub/inst/BSCANID.u_xsdbm_id/SWITCH_N_EXT_BSCAN.u_bufg_icon_tck/O       | dbg_hub/inst/BSCANID.u_xsdbm_id/itck_i                                  |
| g4        | src4      | BUFG/O          | None       | BUFGCTRL_X0Y2  | n/a          |                 1 |           2 |               0 |       81.380 | clk_out1_system_sys_audio_clkgen_0                                                         | i_system_wrapper/system_i/sys_audio_clkgen/inst/clkout1_buf/O              | i_system_wrapper/system_i/sys_audio_clkgen/inst/clk_out1                |
| g5        | src5      | BUFG/O          | None       | BUFGCTRL_X0Y3  | n/a          |                 1 |           1 |               0 |       55.000 | mmcm_fb_clk_s                                                                              | i_system_wrapper/system_i/axi_hdmi_clkgen/inst/i_mmcm_drp/i_fb_clk_bufg/O  | i_system_wrapper/system_i/axi_hdmi_clkgen/inst/i_mmcm_drp/bufg_fb_clk_s |
+-----------+-----------+-----------------+------------+----------------+--------------+-------------------+-------------+-----------------+--------------+--------------------------------------------------------------------------------------------+----------------------------------------------------------------------------+-------------------------------------------------------------------------+
* Clock Loads column represents the clock pin loads (pin count)
** Non-Clock Loads column represents the non-clock pin loads (pin count)


3. Global Clock Source Details
------------------------------

+-----------+-----------+---------------------+------------+-----------------+--------------+-------------+-----------------+---------------------+--------------------------------------------------------------------------------------------+--------------------------------------------------------------------------------------------+------------------------------------------------------------------------------------+
| Source Id | Global Id | Driver Type/Pin     | Constraint | Site            | Clock Region | Clock Loads | Non-Clock Loads | Source Clock Period | Source Clock                                                                               | Driver Pin                                                                                 | Net                                                                                |
+-----------+-----------+---------------------+------------+-----------------+--------------+-------------+-----------------+---------------------+--------------------------------------------------------------------------------------------+--------------------------------------------------------------------------------------------+------------------------------------------------------------------------------------+
| src0      | g0        | PS7/FCLKCLK[1]      | PS7_X0Y0   | PS7_X0Y0        | X0Y2         |           1 |               0 |               5.000 | clk_fpga_1                                                                                 | i_system_wrapper/system_i/sys_ps7/inst/PS7_i/FCLKCLK[1]                                    | i_system_wrapper/system_i/sys_ps7/inst/FCLK_CLK_unbuffered[1]                      |
| src1      | g1        | PS7/FCLKCLK[0]      | PS7_X0Y0   | PS7_X0Y0        | X0Y2         |           1 |               0 |              10.000 | clk_fpga_0                                                                                 | i_system_wrapper/system_i/sys_ps7/inst/PS7_i/FCLKCLK[0]                                    | i_system_wrapper/system_i/sys_ps7/inst/FCLK_CLK_unbuffered[0]                      |
| src2      | g2        | MMCME2_ADV/CLKOUT0  | None       | MMCME2_ADV_X0Y0 | X0Y0         |           1 |               0 |               6.735 | mmcm_clk_0_s                                                                               | i_system_wrapper/system_i/axi_hdmi_clkgen/inst/i_mmcm_drp/i_mmcm/CLKOUT0                   | i_system_wrapper/system_i/axi_hdmi_clkgen/inst/i_mmcm_drp/mmcm_clk_0_s             |
| src3      | g3        | BSCANE2/TCK         | None       | BSCAN_X0Y0      | X1Y1         |           1 |               0 |              33.000 | dbg_hub/inst/BSCANID.u_xsdbm_id/SWITCH_N_EXT_BSCAN.bscan_inst/SERIES7_BSCAN.bscan_inst/TCK | dbg_hub/inst/BSCANID.u_xsdbm_id/SWITCH_N_EXT_BSCAN.bscan_inst/SERIES7_BSCAN.bscan_inst/TCK | dbg_hub/inst/BSCANID.u_xsdbm_id/SWITCH_N_EXT_BSCAN.bscan_inst/tck_bs               |
| src4      | g4        | MMCME2_ADV/CLKOUT0  | None       | MMCME2_ADV_X1Y0 | X1Y0         |           1 |               0 |              81.380 | clk_out1_system_sys_audio_clkgen_0                                                         | i_system_wrapper/system_i/sys_audio_clkgen/inst/mmcm_adv_inst/CLKOUT0                      | i_system_wrapper/system_i/sys_audio_clkgen/inst/clk_out1_system_sys_audio_clkgen_0 |
| src5      | g5        | MMCME2_ADV/CLKFBOUT | None       | MMCME2_ADV_X0Y0 | X0Y0         |           1 |               0 |              55.000 | mmcm_fb_clk_s                                                                              | i_system_wrapper/system_i/axi_hdmi_clkgen/inst/i_mmcm_drp/i_mmcm/CLKFBOUT                  | i_system_wrapper/system_i/axi_hdmi_clkgen/inst/i_mmcm_drp/mmcm_fb_clk_s            |
+-----------+-----------+---------------------+------------+-----------------+--------------+-------------+-----------------+---------------------+--------------------------------------------------------------------------------------------+--------------------------------------------------------------------------------------------+------------------------------------------------------------------------------------+
* Clock Loads column represents the clock pin loads (pin count)
** Non-Clock Loads column represents the non-clock pin loads (pin count)


4. Clock Regions: Key Resource Utilization
------------------------------------------

+-------------------+--------------+--------------+--------------+--------------+--------------+--------------+--------------+--------------+--------------+--------------+--------------+--------------+--------------+--------------+--------------+
|                   | Global Clock |     BUFRs    |    BUFMRs    |    BUFIOs    |     MMCM     |      PLL     |      GT      |      PCI     |    ILOGIC    |    OLOGIC    |      FF      |     LUTM     |    RAMB18    |    RAMB36    |    DSP48E2   |
+-------------------+------+-------+------+-------+------+-------+------+-------+------+-------+------+-------+------+-------+------+-------+------+-------+------+-------+------+-------+------+-------+------+-------+------+-------+------+-------+
| Clock Region Name | Used | Avail | Used | Avail | Used | Avail | Used | Avail | Used | Avail | Used | Avail | Used | Avail | Used | Avail | Used | Avail | Used | Avail | Used | Avail | Used | Avail | Used | Avail | Used | Avail | Used | Avail |
+-------------------+------+-------+------+-------+------+-------+------+-------+------+-------+------+-------+------+-------+------+-------+------+-------+------+-------+------+-------+------+-------+------+-------+------+-------+------+-------+
| X0Y0              |    6 |    12 |    0 |     4 |    0 |     2 |    0 |     4 |    1 |     1 |    0 |     1 |    0 |     0 |    0 |     0 |    0 |    50 |    0 |    50 | 8053 |  2500 | 3422 |  1000 |    0 |    60 |   27 |    30 |    9 |    60 |
| X1Y0              |    3 |    12 |    0 |     4 |    0 |     2 |    0 |     4 |    1 |     1 |    0 |     1 |    0 |     0 |    0 |     0 |    0 |    50 |   12 |    50 | 8349 |  3200 | 3067 |   850 |    0 |    60 |   25 |    30 |   10 |    40 |
| X0Y1              |    3 |    12 |    0 |     0 |    0 |     0 |    0 |     0 |    0 |     0 |    0 |     0 |    0 |     0 |    0 |     0 |    0 |     0 |    0 |     0 | 3926 |  1200 | 1505 |   400 |    0 |    20 |    9 |    10 |    3 |    20 |
| X1Y1              |    3 |    12 |    0 |     4 |    0 |     2 |    0 |     4 |    0 |     1 |    0 |     1 |    0 |     0 |    0 |     0 |    0 |    50 |    8 |    50 | 9276 |  2600 | 3498 |   850 |    4 |    60 |   18 |    30 |   10 |    40 |
| X0Y2              |    2 |    12 |    0 |     0 |    0 |     0 |    0 |     0 |    0 |     0 |    0 |     0 |    0 |     0 |    0 |     0 |    0 |     0 |    0 |     0 | 3974 |  1200 | 1401 |   400 |    2 |    20 |    4 |    10 |    0 |    20 |
| X1Y2              |    1 |    12 |    0 |     4 |    0 |     2 |    0 |     4 |    0 |     1 |    0 |     1 |    0 |     0 |    0 |     0 |    0 |    50 |    0 |    50 | 9037 |  2600 | 3042 |   850 |    0 |    60 |   18 |    30 |    0 |    40 |
+-------------------+------+-------+------+-------+------+-------+------+-------+------+-------+------+-------+------+-------+------+-------+------+-------+------+-------+------+-------+------+-------+------+-------+------+-------+------+-------+
* Global Clock column represents track count; while other columns represents cell counts


5. Clock Regions : Global Clock Summary
---------------------------------------

All Modules
+----+----+----+
|    | X0 | X1 |
+----+----+----+
| Y2 |  2 |  1 |
| Y1 |  3 |  3 |
| Y0 |  6 |  3 |
+----+----+----+


6. Device Cell Placement Summary for Global Clock g0
----------------------------------------------------

+-----------+-----------------+-------------------+------------+-------------+---------------+-------------+----------+----------------+----------+--------------------------------------------------+
| Global Id | Driver Type/Pin | Driver Region (D) | Clock      | Period (ns) | Waveform (ns) | Slice Loads | IO Loads | Clocking Loads | GT Loads | Net                                              |
+-----------+-----------------+-------------------+------------+-------------+---------------+-------------+----------+----------------+----------+--------------------------------------------------+
| g0        | BUFG/O          | n/a               | clk_fpga_1 |       5.000 | {0.000 2.500} |       40634 |        0 |              2 |        0 | i_system_wrapper/system_i/sys_ps7/inst/FCLK_CLK1 |
+-----------+-----------------+-------------------+------------+-------------+---------------+-------------+----------+----------------+----------+--------------------------------------------------+
* Slice Loads column represents load cell count of all cell types other than IO, GT and clock resources
** IO Loads column represents load cell count of IO types
*** Clocking Loads column represents load cell count that are clock resources (global clock buffer, MMCM, PLL, etc)
**** GT Loads column represents load cell count of GT types


+----+-------+--------+-----------------------+
|    | X0    | X1     | HORIZONTAL PROG DELAY |
+----+-------+--------+-----------------------+
| Y2 |  4239 |   9759 |                     0 |
| Y1 |  3362 |  10086 |                     0 |
| Y0 |  3961 |   9229 |                     0 |
+----+-------+--------+-----------------------+


7. Device Cell Placement Summary for Global Clock g1
----------------------------------------------------

+-----------+-----------------+-------------------+------------+-------------+---------------+-------------+----------+----------------+----------+--------------------------------------------------+
| Global Id | Driver Type/Pin | Driver Region (D) | Clock      | Period (ns) | Waveform (ns) | Slice Loads | IO Loads | Clocking Loads | GT Loads | Net                                              |
+-----------+-----------------+-------------------+------------+-------------+---------------+-------------+----------+----------------+----------+--------------------------------------------------+
| g1        | BUFG/O          | n/a               | clk_fpga_0 |      10.000 | {0.000 5.000} |        4173 |        0 |              1 |        0 | i_system_wrapper/system_i/sys_ps7/inst/FCLK_CLK0 |
+-----------+-----------------+-------------------+------------+-------------+---------------+-------------+----------+----------------+----------+--------------------------------------------------+
* Slice Loads column represents load cell count of all cell types other than IO, GT and clock resources
** IO Loads column represents load cell count of IO types
*** Clocking Loads column represents load cell count that are clock resources (global clock buffer, MMCM, PLL, etc)
**** GT Loads column represents load cell count of GT types


+----+-------+----+-----------------------+
|    | X0    | X1 | HORIZONTAL PROG DELAY |
+----+-------+----+-----------------------+
| Y2 |    11 |  0 |                     0 |
| Y1 |   647 |  0 |                     0 |
| Y0 |  3516 |  0 |                     0 |
+----+-------+----+-----------------------+


8. Device Cell Placement Summary for Global Clock g2
----------------------------------------------------

+-----------+-----------------+-------------------+--------------+-------------+---------------+-------------+----------+----------------+----------+----------------------------------------------------------------------+
| Global Id | Driver Type/Pin | Driver Region (D) | Clock        | Period (ns) | Waveform (ns) | Slice Loads | IO Loads | Clocking Loads | GT Loads | Net                                                                  |
+-----------+-----------------+-------------------+--------------+-------------+---------------+-------------+----------+----------------+----------+----------------------------------------------------------------------+
| g2        | BUFG/O          | n/a               | mmcm_clk_0_s |       6.735 | {0.000 3.367} |         661 |        0 |              0 |        0 | i_system_wrapper/system_i/axi_hdmi_clkgen/inst/i_mmcm_drp/mmcm_clk_0 |
+-----------+-----------------+-------------------+--------------+-------------+---------------+-------------+----------+----------------+----------+----------------------------------------------------------------------+
* Slice Loads column represents load cell count of all cell types other than IO, GT and clock resources
** IO Loads column represents load cell count of IO types
*** Clocking Loads column represents load cell count that are clock resources (global clock buffer, MMCM, PLL, etc)
**** GT Loads column represents load cell count of GT types


+----+------+-----+-----------------------+
|    | X0   | X1  | HORIZONTAL PROG DELAY |
+----+------+-----+-----------------------+
| Y2 |    0 |   0 |                     0 |
| Y1 |    0 |   8 |                     0 |
| Y0 |  641 |  12 |                     0 |
+----+------+-----+-----------------------+


9. Device Cell Placement Summary for Global Clock g3
----------------------------------------------------

+-----------+-----------------+-------------------+--------------------------------------------------------------------------------------------+-------------+----------------+-------------+----------+----------------+----------+----------------------------------------+
| Global Id | Driver Type/Pin | Driver Region (D) | Clock                                                                                      | Period (ns) | Waveform (ns)  | Slice Loads | IO Loads | Clocking Loads | GT Loads | Net                                    |
+-----------+-----------------+-------------------+--------------------------------------------------------------------------------------------+-------------+----------------+-------------+----------+----------------+----------+----------------------------------------+
| g3        | BUFG/O          | n/a               | dbg_hub/inst/BSCANID.u_xsdbm_id/SWITCH_N_EXT_BSCAN.bscan_inst/SERIES7_BSCAN.bscan_inst/TCK |      33.000 | {0.000 16.500} |         470 |        0 |              0 |        0 | dbg_hub/inst/BSCANID.u_xsdbm_id/itck_i |
+-----------+-----------------+-------------------+--------------------------------------------------------------------------------------------+-------------+----------------+-------------+----------+----------------+----------+----------------------------------------+
* Slice Loads column represents load cell count of all cell types other than IO, GT and clock resources
** IO Loads column represents load cell count of IO types
*** Clocking Loads column represents load cell count that are clock resources (global clock buffer, MMCM, PLL, etc)
**** GT Loads column represents load cell count of GT types


+----+------+------+-----------------------+
|    | X0   | X1   | HORIZONTAL PROG DELAY |
+----+------+------+-----------------------+
| Y2 |    0 |    0 |                     0 |
| Y1 |   97 |    5 |                     0 |
| Y0 |  209 |  159 |                     0 |
+----+------+------+-----------------------+


10. Device Cell Placement Summary for Global Clock g4
-----------------------------------------------------

+-----------+-----------------+-------------------+------------------------------------+-------------+----------------+-------------+----------+----------------+----------+----------------------------------------------------------+
| Global Id | Driver Type/Pin | Driver Region (D) | Clock                              | Period (ns) | Waveform (ns)  | Slice Loads | IO Loads | Clocking Loads | GT Loads | Net                                                      |
+-----------+-----------------+-------------------+------------------------------------+-------------+----------------+-------------+----------+----------------+----------+----------------------------------------------------------+
| g4        | BUFG/O          | n/a               | clk_out1_system_sys_audio_clkgen_0 |      81.380 | {0.000 40.690} |           2 |        0 |              0 |        0 | i_system_wrapper/system_i/sys_audio_clkgen/inst/clk_out1 |
+-----------+-----------------+-------------------+------------------------------------+-------------+----------------+-------------+----------+----------------+----------+----------------------------------------------------------+
* Slice Loads column represents load cell count of all cell types other than IO, GT and clock resources
** IO Loads column represents load cell count of IO types
*** Clocking Loads column represents load cell count that are clock resources (global clock buffer, MMCM, PLL, etc)
**** GT Loads column represents load cell count of GT types


+----+----+----+-----------------------+
|    | X0 | X1 | HORIZONTAL PROG DELAY |
+----+----+----+-----------------------+
| Y2 |  0 |  0 |                     0 |
| Y1 |  0 |  0 |                     0 |
| Y0 |  2 |  0 |                     0 |
+----+----+----+-----------------------+


11. Device Cell Placement Summary for Global Clock g5
-----------------------------------------------------

+-----------+-----------------+-------------------+---------------+-------------+----------------+-------------+----------+----------------+----------+-------------------------------------------------------------------------+
| Global Id | Driver Type/Pin | Driver Region (D) | Clock         | Period (ns) | Waveform (ns)  | Slice Loads | IO Loads | Clocking Loads | GT Loads | Net                                                                     |
+-----------+-----------------+-------------------+---------------+-------------+----------------+-------------+----------+----------------+----------+-------------------------------------------------------------------------+
| g5        | BUFG/O          | n/a               | mmcm_fb_clk_s |      55.000 | {0.000 27.500} |           0 |        0 |              1 |        0 | i_system_wrapper/system_i/axi_hdmi_clkgen/inst/i_mmcm_drp/bufg_fb_clk_s |
+-----------+-----------------+-------------------+---------------+-------------+----------------+-------------+----------+----------------+----------+-------------------------------------------------------------------------+
* Slice Loads column represents load cell count of all cell types other than IO, GT and clock resources
** IO Loads column represents load cell count of IO types
*** Clocking Loads column represents load cell count that are clock resources (global clock buffer, MMCM, PLL, etc)
**** GT Loads column represents load cell count of GT types


+----+----+----+-----------------------+
|    | X0 | X1 | HORIZONTAL PROG DELAY |
+----+----+----+-----------------------+
| Y2 |  0 |  0 |                     0 |
| Y1 |  0 |  0 |                     0 |
| Y0 |  1 |  0 |                     0 |
+----+----+----+-----------------------+


12. Clock Region Cell Placement per Global Clock: Region X0Y0
-------------------------------------------------------------

+-----------+-------+-----------------+------------+-------------+-----------------+------+--------+------+-----+----+------+-----+---------+-------------------------------------------------------------------------+
| Global Id | Track | Driver Type/Pin | Constraint | Clock Loads | Non-Clock Loads | FF   | LUTRAM | RAMB | DSP | GT | MMCM | PLL | Hard IP | Net                                                                     |
+-----------+-------+-----------------+------------+-------------+-----------------+------+--------+------+-----+----+------+-----+---------+-------------------------------------------------------------------------+
| g0        | n/a   | BUFG/O          | None       |        3961 |               0 | 3802 |    133 |   25 |   0 |  0 |    1 |   0 |       0 | i_system_wrapper/system_i/sys_ps7/inst/FCLK_CLK1                        |
| g1        | n/a   | BUFG/O          | None       |        3516 |               0 | 3416 |     97 |    2 |   0 |  0 |    1 |   0 |       0 | i_system_wrapper/system_i/sys_ps7/inst/FCLK_CLK0                        |
| g2        | n/a   | BUFG/O          | None       |         641 |               0 |  624 |      7 |    1 |   9 |  0 |    0 |   0 |       0 | i_system_wrapper/system_i/axi_hdmi_clkgen/inst/i_mmcm_drp/mmcm_clk_0    |
| g3        | n/a   | BUFG/O          | None       |         209 |               0 |  209 |      0 |    0 |   0 |  0 |    0 |   0 |       0 | dbg_hub/inst/BSCANID.u_xsdbm_id/itck_i                                  |
| g4        | n/a   | BUFG/O          | None       |           2 |               0 |    2 |      0 |    0 |   0 |  0 |    0 |   0 |       0 | i_system_wrapper/system_i/sys_audio_clkgen/inst/clk_out1                |
| g5        | n/a   | BUFG/O          | None       |           1 |               0 |    0 |      0 |    0 |   0 |  0 |    1 |   0 |       0 | i_system_wrapper/system_i/axi_hdmi_clkgen/inst/i_mmcm_drp/bufg_fb_clk_s |
+-----------+-------+-----------------+------------+-------------+-----------------+------+--------+------+-----+----+------+-----+---------+-------------------------------------------------------------------------+
* Clock Loads column represents the clock pin loads (pin count)
** Non-Clock Loads column represents the non-clock pin loads (pin count)
*** Columns FF, LUTRAM, RAMB through 'Hard IP' represents load cell counts


13. Clock Region Cell Placement per Global Clock: Region X1Y0
-------------------------------------------------------------

+-----------+-------+-----------------+------------+-------------+-----------------+------+--------+------+-----+----+------+-----+---------+----------------------------------------------------------------------+
| Global Id | Track | Driver Type/Pin | Constraint | Clock Loads | Non-Clock Loads | FF   | LUTRAM | RAMB | DSP | GT | MMCM | PLL | Hard IP | Net                                                                  |
+-----------+-------+-----------------+------------+-------------+-----------------+------+--------+------+-----+----+------+-----+---------+----------------------------------------------------------------------+
| g0        | n/a   | BUFG/O          | None       |        9229 |               0 | 8178 |   1015 |   25 |  10 |  0 |    1 |   0 |       0 | i_system_wrapper/system_i/sys_ps7/inst/FCLK_CLK1                     |
| g2        | n/a   | BUFG/O          | None       |          12 |               0 |   12 |      0 |    0 |   0 |  0 |    0 |   0 |       0 | i_system_wrapper/system_i/axi_hdmi_clkgen/inst/i_mmcm_drp/mmcm_clk_0 |
| g3        | n/a   | BUFG/O          | None       |         159 |               0 |  159 |      0 |    0 |   0 |  0 |    0 |   0 |       0 | dbg_hub/inst/BSCANID.u_xsdbm_id/itck_i                               |
+-----------+-------+-----------------+------------+-------------+-----------------+------+--------+------+-----+----+------+-----+---------+----------------------------------------------------------------------+
* Clock Loads column represents the clock pin loads (pin count)
** Non-Clock Loads column represents the non-clock pin loads (pin count)
*** Columns FF, LUTRAM, RAMB through 'Hard IP' represents load cell counts


14. Clock Region Cell Placement per Global Clock: Region X0Y1
-------------------------------------------------------------

+-----------+-------+-----------------+------------+-------------+-----------------+------+--------+------+-----+----+------+-----+---------+--------------------------------------------------+
| Global Id | Track | Driver Type/Pin | Constraint | Clock Loads | Non-Clock Loads | FF   | LUTRAM | RAMB | DSP | GT | MMCM | PLL | Hard IP | Net                                              |
+-----------+-------+-----------------+------------+-------------+-----------------+------+--------+------+-----+----+------+-----+---------+--------------------------------------------------+
| g0        | n/a   | BUFG/O          | None       |        3362 |               0 | 3247 |    102 |    9 |   3 |  0 |    0 |   0 |       0 | i_system_wrapper/system_i/sys_ps7/inst/FCLK_CLK1 |
| g1        | n/a   | BUFG/O          | None       |         647 |               0 |  582 |     65 |    0 |   0 |  0 |    0 |   0 |       0 | i_system_wrapper/system_i/sys_ps7/inst/FCLK_CLK0 |
| g3        | n/a   | BUFG/O          | None       |          97 |               0 |   97 |      0 |    0 |   0 |  0 |    0 |   0 |       0 | dbg_hub/inst/BSCANID.u_xsdbm_id/itck_i           |
+-----------+-------+-----------------+------------+-------------+-----------------+------+--------+------+-----+----+------+-----+---------+--------------------------------------------------+
* Clock Loads column represents the clock pin loads (pin count)
** Non-Clock Loads column represents the non-clock pin loads (pin count)
*** Columns FF, LUTRAM, RAMB through 'Hard IP' represents load cell counts


15. Clock Region Cell Placement per Global Clock: Region X1Y1
-------------------------------------------------------------

+-----------+-------+-----------------+------------+-------------+-----------------+------+--------+------+-----+----+------+-----+---------+----------------------------------------------------------------------+
| Global Id | Track | Driver Type/Pin | Constraint | Clock Loads | Non-Clock Loads | FF   | LUTRAM | RAMB | DSP | GT | MMCM | PLL | Hard IP | Net                                                                  |
+-----------+-------+-----------------+------------+-------------+-----------------+------+--------+------+-----+----+------+-----+---------+----------------------------------------------------------------------+
| g0        | n/a   | BUFG/O          | None       |       10086 |               0 | 9264 |    782 |   22 |  10 |  0 |    0 |   0 |       0 | i_system_wrapper/system_i/sys_ps7/inst/FCLK_CLK1                     |
| g2        | n/a   | BUFG/O          | None       |           8 |               0 |    7 |      0 |    0 |   0 |  0 |    0 |   0 |       0 | i_system_wrapper/system_i/axi_hdmi_clkgen/inst/i_mmcm_drp/mmcm_clk_0 |
| g3        | n/a   | BUFG/O          | None       |           5 |               0 |    5 |      0 |    0 |   0 |  0 |    0 |   0 |       0 | dbg_hub/inst/BSCANID.u_xsdbm_id/itck_i                               |
+-----------+-------+-----------------+------------+-------------+-----------------+------+--------+------+-----+----+------+-----+---------+----------------------------------------------------------------------+
* Clock Loads column represents the clock pin loads (pin count)
** Non-Clock Loads column represents the non-clock pin loads (pin count)
*** Columns FF, LUTRAM, RAMB through 'Hard IP' represents load cell counts


16. Clock Region Cell Placement per Global Clock: Region X0Y2
-------------------------------------------------------------

+-----------+-------+-----------------+------------+-------------+-----------------+------+--------+------+-----+----+------+-----+---------+--------------------------------------------------+
| Global Id | Track | Driver Type/Pin | Constraint | Clock Loads | Non-Clock Loads | FF   | LUTRAM | RAMB | DSP | GT | MMCM | PLL | Hard IP | Net                                              |
+-----------+-------+-----------------+------------+-------------+-----------------+------+--------+------+-----+----+------+-----+---------+--------------------------------------------------+
| g0        | n/a   | BUFG/O          | None       |        4239 |               0 | 3964 |    266 |    6 |   0 |  0 |    0 |   0 |       0 | i_system_wrapper/system_i/sys_ps7/inst/FCLK_CLK1 |
| g1        | n/a   | BUFG/O          | None       |          11 |               0 |   10 |      0 |    0 |   0 |  0 |    0 |   0 |       0 | i_system_wrapper/system_i/sys_ps7/inst/FCLK_CLK0 |
+-----------+-------+-----------------+------------+-------------+-----------------+------+--------+------+-----+----+------+-----+---------+--------------------------------------------------+
* Clock Loads column represents the clock pin loads (pin count)
** Non-Clock Loads column represents the non-clock pin loads (pin count)
*** Columns FF, LUTRAM, RAMB through 'Hard IP' represents load cell counts


17. Clock Region Cell Placement per Global Clock: Region X1Y2
-------------------------------------------------------------

+-----------+-------+-----------------+------------+-------------+-----------------+------+--------+------+-----+----+------+-----+---------+--------------------------------------------------+
| Global Id | Track | Driver Type/Pin | Constraint | Clock Loads | Non-Clock Loads | FF   | LUTRAM | RAMB | DSP | GT | MMCM | PLL | Hard IP | Net                                              |
+-----------+-------+-----------------+------------+-------------+-----------------+------+--------+------+-----+----+------+-----+---------+--------------------------------------------------+
| g0        | n/a   | BUFG/O          | None       |        9759 |               0 | 9037 |    702 |   18 |   0 |  0 |    0 |   0 |       0 | i_system_wrapper/system_i/sys_ps7/inst/FCLK_CLK1 |
+-----------+-------+-----------------+------------+-------------+-----------------+------+--------+------+-----+----+------+-----+---------+--------------------------------------------------+
* Clock Loads column represents the clock pin loads (pin count)
** Non-Clock Loads column represents the non-clock pin loads (pin count)
*** Columns FF, LUTRAM, RAMB through 'Hard IP' represents load cell counts



# Location of BUFG Primitives 
set_property LOC BUFGCTRL_X0Y16 [get_cells i_system_wrapper/system_i/sys_ps7/inst/buffer_fclk_clk_1.FCLK_CLK_1_BUFG]
set_property LOC BUFGCTRL_X0Y17 [get_cells i_system_wrapper/system_i/sys_ps7/inst/buffer_fclk_clk_0.FCLK_CLK_0_BUFG]
set_property LOC BUFGCTRL_X0Y2 [get_cells i_system_wrapper/system_i/sys_audio_clkgen/inst/clkout1_buf]
set_property LOC BUFGCTRL_X0Y0 [get_cells i_system_wrapper/system_i/axi_hdmi_clkgen/inst/i_mmcm_drp/i_clk_0_bufg]
set_property LOC BUFGCTRL_X0Y3 [get_cells i_system_wrapper/system_i/axi_hdmi_clkgen/inst/i_mmcm_drp/i_fb_clk_bufg]
set_property LOC BUFGCTRL_X0Y1 [get_cells dbg_hub/inst/BSCANID.u_xsdbm_id/SWITCH_N_EXT_BSCAN.u_bufg_icon_tck]

# Location of IO Primitives which is load of clock spine

# Location of clock ports

# Clock net "i_system_wrapper/system_i/sys_ps7/inst/FCLK_CLK1" driven by instance "i_system_wrapper/system_i/sys_ps7/inst/buffer_fclk_clk_1.FCLK_CLK_1_BUFG" located at site "BUFGCTRL_X0Y16"
#startgroup
create_pblock {CLKAG_i_system_wrapper/system_i/sys_ps7/inst/FCLK_CLK1}
add_cells_to_pblock [get_pblocks  {CLKAG_i_system_wrapper/system_i/sys_ps7/inst/FCLK_CLK1}] [get_cells -filter { PRIMITIVE_GROUP != I/O && IS_PRIMITIVE==1 && PRIMITIVE_LEVEL !=INTERNAL && NAME!=i_system_wrapper/system_i/sys_audio_clkgen/inst/mmcm_adv_inst && NAME!=i_system_wrapper/system_i/axi_hdmi_clkgen/inst/i_mmcm_drp/i_mmcm} -of_object [get_pins -filter {DIRECTION==IN} -of_objects [get_nets -hierarchical -filter {PARENT=="i_system_wrapper/system_i/sys_ps7/inst/FCLK_CLK1"}]]]
resize_pblock [get_pblocks {CLKAG_i_system_wrapper/system_i/sys_ps7/inst/FCLK_CLK1}] -add {CLOCKREGION_X0Y0:CLOCKREGION_X0Y0 CLOCKREGION_X0Y1:CLOCKREGION_X0Y1 CLOCKREGION_X0Y2:CLOCKREGION_X0Y2 CLOCKREGION_X1Y0:CLOCKREGION_X1Y0 CLOCKREGION_X1Y1:CLOCKREGION_X1Y1 CLOCKREGION_X1Y2:CLOCKREGION_X1Y2}
#endgroup

# Clock net "i_system_wrapper/system_i/sys_ps7/inst/FCLK_CLK0" driven by instance "i_system_wrapper/system_i/sys_ps7/inst/buffer_fclk_clk_0.FCLK_CLK_0_BUFG" located at site "BUFGCTRL_X0Y17"
#startgroup
create_pblock {CLKAG_i_system_wrapper/system_i/sys_ps7/inst/FCLK_CLK0}
add_cells_to_pblock [get_pblocks  {CLKAG_i_system_wrapper/system_i/sys_ps7/inst/FCLK_CLK0}] [get_cells -filter { PRIMITIVE_GROUP != I/O && IS_PRIMITIVE==1 && PRIMITIVE_LEVEL !=INTERNAL && NAME!=i_system_wrapper/system_i/axi_hdmi_clkgen/inst/i_mmcm_drp/i_mmcm} -of_object [get_pins -filter {DIRECTION==IN} -of_objects [get_nets -hierarchical -filter {PARENT=="i_system_wrapper/system_i/sys_ps7/inst/FCLK_CLK0"}]]]
resize_pblock [get_pblocks {CLKAG_i_system_wrapper/system_i/sys_ps7/inst/FCLK_CLK0}] -add {CLOCKREGION_X0Y0:CLOCKREGION_X0Y0 CLOCKREGION_X0Y1:CLOCKREGION_X0Y1 CLOCKREGION_X0Y2:CLOCKREGION_X0Y2}
#endgroup

# Clock net "i_system_wrapper/system_i/sys_audio_clkgen/inst/clk_out1" driven by instance "i_system_wrapper/system_i/sys_audio_clkgen/inst/clkout1_buf" located at site "BUFGCTRL_X0Y2"
#startgroup
create_pblock {CLKAG_i_system_wrapper/system_i/sys_audio_clkgen/inst/clk_out1}
add_cells_to_pblock [get_pblocks  {CLKAG_i_system_wrapper/system_i/sys_audio_clkgen/inst/clk_out1}] [get_cells -filter { PRIMITIVE_GROUP != I/O && IS_PRIMITIVE==1 && PRIMITIVE_LEVEL !=INTERNAL } -of_object [get_pins -filter {DIRECTION==IN} -of_objects [get_nets -hierarchical -filter {PARENT=="i_system_wrapper/system_i/sys_audio_clkgen/inst/clk_out1"}]]]
resize_pblock [get_pblocks {CLKAG_i_system_wrapper/system_i/sys_audio_clkgen/inst/clk_out1}] -add {CLOCKREGION_X0Y0:CLOCKREGION_X0Y0}
#endgroup

# Clock net "i_system_wrapper/system_i/axi_hdmi_clkgen/inst/i_mmcm_drp/mmcm_clk_0" driven by instance "i_system_wrapper/system_i/axi_hdmi_clkgen/inst/i_mmcm_drp/i_clk_0_bufg" located at site "BUFGCTRL_X0Y0"
#startgroup
create_pblock {CLKAG_i_system_wrapper/system_i/axi_hdmi_clkgen/inst/i_mmcm_drp/mmcm_clk_0}
add_cells_to_pblock [get_pblocks  {CLKAG_i_system_wrapper/system_i/axi_hdmi_clkgen/inst/i_mmcm_drp/mmcm_clk_0}] [get_cells -filter { PRIMITIVE_GROUP != I/O && IS_PRIMITIVE==1 && PRIMITIVE_LEVEL !=INTERNAL } -of_object [get_pins -filter {DIRECTION==IN} -of_objects [get_nets -hierarchical -filter {PARENT=="i_system_wrapper/system_i/axi_hdmi_clkgen/inst/i_mmcm_drp/mmcm_clk_0"}]]]
resize_pblock [get_pblocks {CLKAG_i_system_wrapper/system_i/axi_hdmi_clkgen/inst/i_mmcm_drp/mmcm_clk_0}] -add {CLOCKREGION_X0Y0:CLOCKREGION_X0Y0 CLOCKREGION_X1Y0:CLOCKREGION_X1Y0 CLOCKREGION_X1Y1:CLOCKREGION_X1Y1}
#endgroup

# Clock net "dbg_hub/inst/BSCANID.u_xsdbm_id/itck_i" driven by instance "dbg_hub/inst/BSCANID.u_xsdbm_id/SWITCH_N_EXT_BSCAN.u_bufg_icon_tck" located at site "BUFGCTRL_X0Y1"
#startgroup
create_pblock {CLKAG_dbg_hub/inst/BSCANID.u_xsdbm_id/itck_i}
add_cells_to_pblock [get_pblocks  {CLKAG_dbg_hub/inst/BSCANID.u_xsdbm_id/itck_i}] [get_cells -filter { PRIMITIVE_GROUP != I/O && IS_PRIMITIVE==1 && PRIMITIVE_LEVEL !=INTERNAL } -of_object [get_pins -filter {DIRECTION==IN} -of_objects [get_nets -hierarchical -filter {PARENT=="dbg_hub/inst/BSCANID.u_xsdbm_id/itck_i"}]]]
resize_pblock [get_pblocks {CLKAG_dbg_hub/inst/BSCANID.u_xsdbm_id/itck_i}] -add {CLOCKREGION_X0Y0:CLOCKREGION_X0Y0 CLOCKREGION_X0Y1:CLOCKREGION_X0Y1 CLOCKREGION_X1Y0:CLOCKREGION_X1Y0 CLOCKREGION_X1Y1:CLOCKREGION_X1Y1}
#endgroup
